#
# There is insufficient memory for the Java Runtime Environment to continue.
# Native memory allocation (malloc) failed to allocate 1347616 bytes for Chunk::new
# Possible reasons:
#   The system is out of physical RAM or swap space
#   The process is running with CompressedOops enabled, and the Java Heap may be blocking the growth of the native heap
# Possible solutions:
#   Reduce memory load on the system
#   Increase physical memory or swap space
#   Check if swap backing store is full
#   Decrease Java heap size (-Xmx/-Xms)
#   Decrease number of Java threads
#   Decrease Java thread stack sizes (-Xss)
#   Set larger code cache with -XX:ReservedCodeCacheSize=
#   JVM is running with Unscaled Compressed Oops mode in which the Java heap is
#     placed in the first 4GB address space. The Java Heap base address is the
#     maximum limit for the native heap growth. Please use -XX:HeapBaseMinAddress
#     to set the Java Heap base and to place the Java Heap above 4GB virtual address.
# This output file may be truncated or incomplete.
#
#  Out of Memory Error (./open/src/hotspot/share/memory/arena.cpp:197), pid=12052, tid=7036
#
# JRE version: Java(TM) SE Runtime Environment 18.9 (11.0.11+9) (build 11.0.11+9-LTS-194)
# Java VM: Java HotSpot(TM) 64-Bit Server VM 18.9 (11.0.11+9-LTS-194, mixed mode, tiered, compressed oops, g1 gc, windows-amd64)
# No core dump will be written. Minidumps are not enabled by default on client versions of Windows
#

---------------  S U M M A R Y ------------

Command Line: -XX:MaxMetaspaceSize=256m -XX:+HeapDumpOnOutOfMemoryError --add-opens=java.base/java.util=ALL-UNNAMED --add-opens=java.base/java.lang=ALL-UNNAMED --add-opens=java.base/java.lang.invoke=ALL-UNNAMED --add-opens=java.base/java.util=ALL-UNNAMED --add-opens=java.prefs/java.util.prefs=ALL-UNNAMED --add-opens=java.prefs/java.util.prefs=ALL-UNNAMED --add-opens=java.base/java.nio.charset=ALL-UNNAMED --add-opens=java.base/java.net=ALL-UNNAMED --add-opens=java.base/java.util.concurrent.atomic=ALL-UNNAMED -Xms256m -Xmx512m -Dfile.encoding=windows-1252 -Duser.country=BR -Duser.language=pt -Duser.variant org.gradle.launcher.daemon.bootstrap.GradleDaemon 7.2

Host: Intel(R) Core(TM) i7-3517U CPU @ 1.90GHz, 4 cores, 7G,  Windows 10 , 64 bit Build 18362 (10.0.18362.1500)
Time: Wed Sep 29 09:57:02 2021 Hora oficial do Brasil elapsed time: 22.531054 seconds (0d 0h 0m 22s)

---------------  T H R E A D  ---------------

Current thread (0x00000162b77fd000):  JavaThread "C2 CompilerThread0" daemon [_thread_in_native, id=7036, stack(0x000000602a900000,0x000000602aa00000)]


Current CompileTask:
C2:  22531 4301       4       java.net.URLClassLoader$1::run (5 bytes)

Stack: [0x000000602a900000,0x000000602aa00000]
Native frames: (J=compiled Java code, j=interpreted, Vv=VM code, C=native code)
V  [jvm.dll+0x616f2a]
V  [jvm.dll+0x74de7f]
V  [jvm.dll+0x74f505]
V  [jvm.dll+0x74fb83]
V  [jvm.dll+0x2436d8]
V  [jvm.dll+0xba68c]
V  [jvm.dll+0xbad8c]
V  [jvm.dll+0x2b3ee4]
V  [jvm.dll+0x52c0f6]
V  [jvm.dll+0x20506d]
V  [jvm.dll+0x1ff0aa]
V  [jvm.dll+0x1fc10f]
V  [jvm.dll+0x17f0bc]
V  [jvm.dll+0x20b68c]
V  [jvm.dll+0x20978b]
V  [jvm.dll+0x7152c9]
V  [jvm.dll+0x70dfc4]
V  [jvm.dll+0x6160f6]
C  [ucrtbase.dll+0x210b2]
C  [KERNEL32.DLL+0x17c24]
C  [ntdll.dll+0x6d721]


---------------  P R O C E S S  ---------------

Threads class SMR info:
_java_thread_list=0x00000162bb4dfd20, length=37, elements={
0x000001629a2c8800, 0x00000162b6e7e000, 0x00000162b6e8a000, 0x00000162b77f9800,
0x00000162b77fb800, 0x00000162b77fd000, 0x00000162b784b800, 0x00000162b785c800,
0x00000162b7965800, 0x00000162b7983000, 0x00000162b9e84000, 0x00000162b8366000,
0x00000162ba8b6000, 0x00000162b8e6a000, 0x00000162b8e6b000, 0x00000162ba258800,
0x00000162ba259000, 0x00000162ba8c3800, 0x00000162ba8c4800, 0x00000162b893e800,
0x00000162ba769000, 0x00000162ba76e000, 0x00000162ba76f800, 0x00000162ba76a000,
0x00000162ba76d000, 0x00000162ba76b000, 0x00000162ba76f000, 0x00000162ba76b800,
0x00000162ba76c800, 0x00000162b8e8c000, 0x00000162b8e89000, 0x00000162b8e8a800,
0x00000162b8e8b000, 0x00000162b8e86800, 0x00000162b8e87000, 0x00000162b8e88000,
0x00000162b8e8e800
}

Java Threads: ( => current thread )
  0x000001629a2c8800 JavaThread "main" [_thread_blocked, id=14264, stack(0x0000006029e00000,0x0000006029f00000)]
  0x00000162b6e7e000 JavaThread "Reference Handler" daemon [_thread_blocked, id=11172, stack(0x000000602a500000,0x000000602a600000)]
  0x00000162b6e8a000 JavaThread "Finalizer" daemon [_thread_blocked, id=10564, stack(0x000000602a600000,0x000000602a700000)]
  0x00000162b77f9800 JavaThread "Signal Dispatcher" daemon [_thread_blocked, id=13484, stack(0x000000602a700000,0x000000602a800000)]
  0x00000162b77fb800 JavaThread "Attach Listener" daemon [_thread_blocked, id=13584, stack(0x000000602a800000,0x000000602a900000)]
=>0x00000162b77fd000 JavaThread "C2 CompilerThread0" daemon [_thread_in_native, id=7036, stack(0x000000602a900000,0x000000602aa00000)]
  0x00000162b784b800 JavaThread "C1 CompilerThread0" daemon [_thread_blocked, id=11000, stack(0x000000602aa00000,0x000000602ab00000)]
  0x00000162b785c800 JavaThread "Sweeper thread" daemon [_thread_blocked, id=4204, stack(0x000000602ab00000,0x000000602ac00000)]
  0x00000162b7965800 JavaThread "Common-Cleaner" daemon [_thread_blocked, id=6592, stack(0x000000602ac00000,0x000000602ad00000)]
  0x00000162b7983000 JavaThread "Service Thread" daemon [_thread_blocked, id=13464, stack(0x000000602ad00000,0x000000602ae00000)]
  0x00000162b9e84000 JavaThread "Daemon health stats" [_thread_blocked, id=3316, stack(0x000000602b300000,0x000000602b400000)]
  0x00000162b8366000 JavaThread "Incoming local TCP Connector on port 51051" [_thread_in_native, id=13112, stack(0x000000602af00000,0x000000602b000000)]
  0x00000162ba8b6000 JavaThread "Daemon periodic checks" [_thread_blocked, id=108, stack(0x000000602b400000,0x000000602b500000)]
  0x00000162b8e6a000 JavaThread "Daemon" [_thread_blocked, id=12048, stack(0x000000602b500000,0x000000602b600000)]
  0x00000162b8e6b000 JavaThread "Handler for socket connection from /127.0.0.1:51051 to /127.0.0.1:51052" [_thread_in_native, id=13504, stack(0x000000602b600000,0x000000602b700000)]
  0x00000162ba258800 JavaThread "Cancel handler" [_thread_blocked, id=11304, stack(0x000000602b700000,0x000000602b800000)]
  0x00000162ba259000 JavaThread "Daemon worker" [_thread_in_Java, id=12180, stack(0x000000602b800000,0x000000602b900000)]
  0x00000162ba8c3800 JavaThread "Asynchronous log dispatcher for DefaultDaemonConnection: socket connection from /127.0.0.1:51051 to /127.0.0.1:51052" [_thread_blocked, id=11624, stack(0x000000602b900000,0x000000602ba00000)]
  0x00000162ba8c4800 JavaThread "Stdin handler" [_thread_blocked, id=7916, stack(0x000000602ba00000,0x000000602bb00000)]
  0x00000162b893e800 JavaThread "Daemon client event forwarder" [_thread_blocked, id=1592, stack(0x000000602bb00000,0x000000602bc00000)]
  0x00000162ba769000 JavaThread "Cache worker for journal cache (C:\Users\Usuario\.gradle\caches\journal-1)" [_thread_blocked, id=13128, stack(0x000000602bc00000,0x000000602bd00000)]
  0x00000162ba76e000 JavaThread "File lock request listener" [_thread_in_native, id=12616, stack(0x000000602bd00000,0x000000602be00000)]
  0x00000162ba76f800 JavaThread "Cache worker for file hash cache (C:\Users\Usuario\.gradle\caches\7.2\fileHashes)" [_thread_blocked, id=336, stack(0x000000602be00000,0x000000602bf00000)]
  0x00000162ba76a000 JavaThread "Cache worker for file hash cache (C:\Users\Usuario\Desktop\DIO Capgemini\Microsserviços\product-catalog\.gradle\7.2\fileHashes)" [_thread_blocked, id=4124, stack(0x000000602bf00000,0x000000602c000000)]
  0x00000162ba76d000 JavaThread "File watcher server" daemon [_thread_in_native, id=4372, stack(0x000000602c000000,0x000000602c100000)]
  0x00000162ba76b000 JavaThread "File watcher consumer" daemon [_thread_blocked, id=12388, stack(0x000000602c100000,0x000000602c200000)]
  0x00000162ba76f000 JavaThread "jar transforms" [_thread_blocked, id=9844, stack(0x000000602c200000,0x000000602c300000)]
  0x00000162ba76b800 JavaThread "jar transforms Thread 2" [_thread_blocked, id=5448, stack(0x000000602c300000,0x000000602c400000)]
  0x00000162ba76c800 JavaThread "jar transforms Thread 3" [_thread_blocked, id=10428, stack(0x000000602c400000,0x000000602c500000)]
  0x00000162b8e8c000 JavaThread "jar transforms Thread 4" [_thread_blocked, id=12648, stack(0x000000602c500000,0x000000602c600000)]
  0x00000162b8e89000 JavaThread "Cache worker for checksums cache (C:\Users\Usuario\Desktop\DIO Capgemini\Microsserviços\product-catalog\.gradle\checksums)" [_thread_blocked, id=10744, stack(0x000000602c600000,0x000000602c700000)]
  0x00000162b8e8a800 JavaThread "Cache worker for cache directory md-supplier (C:\Users\Usuario\.gradle\caches\7.2\md-supplier)" [_thread_blocked, id=6412, stack(0x000000602c700000,0x000000602c800000)]
  0x00000162b8e8b000 JavaThread "Cache worker for cache directory md-rule (C:\Users\Usuario\.gradle\caches\7.2\md-rule)" [_thread_blocked, id=8408, stack(0x000000602c800000,0x000000602c900000)]
  0x00000162b8e86800 JavaThread "Cache worker for execution history cache (C:\Users\Usuario\.gradle\caches\7.2\executionHistory)" [_thread_blocked, id=13000, stack(0x000000602c900000,0x000000602ca00000)]
  0x00000162b8e87000 JavaThread "Cache worker for file content cache (C:\Users\Usuario\.gradle\caches\7.2\fileContent)" [_thread_blocked, id=13456, stack(0x000000602ca00000,0x000000602cb00000)]
  0x00000162b8e88000 JavaThread "Cache worker for dependencies-accessors (C:\Users\Usuario\Desktop\DIO Capgemini\Microsserviços\product-catalog\.gradle\7.2\dependencies-accessors)" [_thread_blocked, id=13468, stack(0x000000602cb00000,0x000000602cc00000)]
  0x00000162b8e8e800 JavaThread "Cache worker for Build Output Cleanup Cache (C:\Users\Usuario\Desktop\DIO Capgemini\Microsserviços\product-catalog\.gradle\buildOutputCleanup)" [_thread_blocked, id=6896, stack(0x000000602cc00000,0x000000602cd00000)]

Other Threads:
  0x00000162b6e58800 VMThread "VM Thread" [stack: 0x000000602a400000,0x000000602a500000] [id=5408]
  0x00000162b799c800 WatcherThread [stack: 0x000000602ae00000,0x000000602af00000] [id=9728]
  0x000001629a2dd800 GCTaskThread "GC Thread#0" [stack: 0x0000006029f00000,0x000000602a000000] [id=10248]
  0x00000162b7f56800 GCTaskThread "GC Thread#1" [stack: 0x000000602b000000,0x000000602b100000] [id=1688]
  0x00000162b7bec800 GCTaskThread "GC Thread#2" [stack: 0x000000602b100000,0x000000602b200000] [id=13524]
  0x00000162b7bed000 GCTaskThread "GC Thread#3" [stack: 0x000000602b200000,0x000000602b300000] [id=11532]
  0x000001629a2f0000 ConcurrentGCThread "G1 Main Marker" [stack: 0x000000602a000000,0x000000602a100000] [id=13260]
  0x000001629a2f1000 ConcurrentGCThread "G1 Conc#0" [stack: 0x000000602a100000,0x000000602a200000] [id=10804]
  0x000001629a38e000 ConcurrentGCThread "G1 Refine#0" [stack: 0x000000602a200000,0x000000602a300000] [id=2160]
  0x00000162b6cf8800 ConcurrentGCThread "G1 Young RemSet Sampling" [stack: 0x000000602a300000,0x000000602a400000] [id=8876]

Threads with active compile tasks:
C2 CompilerThread0  22749 4301       4       java.net.URLClassLoader$1::run (5 bytes)

VM state:not at safepoint (normal execution)

VM Mutex/Monitor currently owned by a thread: None

Heap address: 0x00000000e0000000, size: 512 MB, Compressed Oops mode: 32-bit
Narrow klass base: 0x0000000000000000, Narrow klass shift: 3
Compressed class space size: 260046848 Address: 0x0000000100000000

Heap:
 garbage-first heap   total 262144K, used 81568K [0x00000000e0000000, 0x0000000100000000)
  region size 1024K, 38 young (38912K), 20 survivors (20480K)
 Metaspace       used 50560K, capacity 51861K, committed 52096K, reserved 299008K
  class space    used 6571K, capacity 7036K, committed 7040K, reserved 253952K
Heap Regions: E=young(eden), S=young(survivor), O=old, HS=humongous(starts), HC=humongous(continues), CS=collection set, F=free, A=archive, TAMS=top-at-mark-start (previous, next)
|   0|0x00000000e0000000, 0x00000000e0100000, 0x00000000e0100000|100%| O|  |TAMS 0x00000000e0100000, 0x00000000e0000000| Untracked 
|   1|0x00000000e0100000, 0x00000000e0200000, 0x00000000e0200000|100%| O|  |TAMS 0x00000000e0200000, 0x00000000e0100000| Untracked 
|   2|0x00000000e0200000, 0x00000000e0300000, 0x00000000e0300000|100%| O|  |TAMS 0x00000000e0300000, 0x00000000e0200000| Untracked 
|   3|0x00000000e0300000, 0x00000000e0400000, 0x00000000e0400000|100%|HS|  |TAMS 0x00000000e0400000, 0x00000000e0300000| Complete 
|   4|0x00000000e0400000, 0x00000000e0500000, 0x00000000e0500000|100%|HC|  |TAMS 0x00000000e0500000, 0x00000000e0400000| Complete 
|   5|0x00000000e0500000, 0x00000000e0600000, 0x00000000e0600000|100%|HC|  |TAMS 0x00000000e0600000, 0x00000000e0500000| Complete 
|   6|0x00000000e0600000, 0x00000000e0700000, 0x00000000e0700000|100%| O|  |TAMS 0x00000000e0700000, 0x00000000e0600000| Untracked 
|   7|0x00000000e0700000, 0x00000000e0800000, 0x00000000e0800000|100%| O|  |TAMS 0x00000000e0800000, 0x00000000e0700000| Untracked 
|   8|0x00000000e0800000, 0x00000000e0900000, 0x00000000e0900000|100%| O|  |TAMS 0x00000000e0900000, 0x00000000e0800000| Untracked 
|   9|0x00000000e0900000, 0x00000000e0a00000, 0x00000000e0a00000|100%| O|  |TAMS 0x00000000e0a00000, 0x00000000e0900000| Untracked 
|  10|0x00000000e0a00000, 0x00000000e0b00000, 0x00000000e0b00000|100%| O|  |TAMS 0x00000000e0b00000, 0x00000000e0a00000| Untracked 
|  11|0x00000000e0b00000, 0x00000000e0c00000, 0x00000000e0c00000|100%| O|  |TAMS 0x00000000e0c00000, 0x00000000e0b00000| Untracked 
|  12|0x00000000e0c00000, 0x00000000e0d00000, 0x00000000e0d00000|100%| O|  |TAMS 0x00000000e0d00000, 0x00000000e0c00000| Untracked 
|  13|0x00000000e0d00000, 0x00000000e0e00000, 0x00000000e0e00000|100%| O|  |TAMS 0x00000000e0e00000, 0x00000000e0d00000| Untracked 
|  14|0x00000000e0e00000, 0x00000000e0f00000, 0x00000000e0f00000|100%| O|  |TAMS 0x00000000e0f00000, 0x00000000e0e00000| Untracked 
|  15|0x00000000e0f00000, 0x00000000e1000000, 0x00000000e1000000|100%| O|  |TAMS 0x00000000e0fa2e00, 0x00000000e0f00000| Untracked 
|  16|0x00000000e1000000, 0x00000000e1100000, 0x00000000e1100000|100%|HS|  |TAMS 0x00000000e1100000, 0x00000000e1000000| Complete 
|  17|0x00000000e1100000, 0x00000000e1200000, 0x00000000e1200000|100%|HC|  |TAMS 0x00000000e1200000, 0x00000000e1100000| Complete 
|  18|0x00000000e1200000, 0x00000000e1300000, 0x00000000e1300000|100%|HS|  |TAMS 0x00000000e1300000, 0x00000000e1200000| Complete 
|  19|0x00000000e1300000, 0x00000000e1400000, 0x00000000e1400000|100%|HC|  |TAMS 0x00000000e1400000, 0x00000000e1300000| Complete 
|  20|0x00000000e1400000, 0x00000000e1500000, 0x00000000e1500000|100%|HC|  |TAMS 0x00000000e1500000, 0x00000000e1400000| Complete 
|  21|0x00000000e1500000, 0x00000000e1600000, 0x00000000e1600000|100%|HS|  |TAMS 0x00000000e1600000, 0x00000000e1500000| Complete 
|  22|0x00000000e1600000, 0x00000000e1700000, 0x00000000e1700000|100%|HS|  |TAMS 0x00000000e1700000, 0x00000000e1600000| Complete 
|  23|0x00000000e1700000, 0x00000000e1800000, 0x00000000e1800000|100%|HC|  |TAMS 0x00000000e1800000, 0x00000000e1700000| Complete 
|  24|0x00000000e1800000, 0x00000000e1900000, 0x00000000e1900000|100%|HC|  |TAMS 0x00000000e1900000, 0x00000000e1800000| Complete 
|  25|0x00000000e1900000, 0x00000000e1a00000, 0x00000000e1a00000|100%|HC|  |TAMS 0x00000000e1a00000, 0x00000000e1900000| Complete 
|  26|0x00000000e1a00000, 0x00000000e1b00000, 0x00000000e1b00000|100%|HS|  |TAMS 0x00000000e1b00000, 0x00000000e1a00000| Complete 
|  27|0x00000000e1b00000, 0x00000000e1c00000, 0x00000000e1c00000|100%|HC|  |TAMS 0x00000000e1c00000, 0x00000000e1b00000| Complete 
|  28|0x00000000e1c00000, 0x00000000e1d00000, 0x00000000e1d00000|100%|HC|  |TAMS 0x00000000e1d00000, 0x00000000e1c00000| Complete 
|  29|0x00000000e1d00000, 0x00000000e1e00000, 0x00000000e1e00000|100%|HC|  |TAMS 0x00000000e1e00000, 0x00000000e1d00000| Complete 
|  30|0x00000000e1e00000, 0x00000000e1e00000, 0x00000000e1f00000|  0%| F|  |TAMS 0x00000000e1e00000, 0x00000000e1e00000| Untracked 
|  31|0x00000000e1f00000, 0x00000000e1f00000, 0x00000000e2000000|  0%| F|  |TAMS 0x00000000e1f00000, 0x00000000e1f00000| Untracked 
|  32|0x00000000e2000000, 0x00000000e2000000, 0x00000000e2100000|  0%| F|  |TAMS 0x00000000e2000000, 0x00000000e2000000| Untracked 
|  33|0x00000000e2100000, 0x00000000e2200000, 0x00000000e2200000|100%|HS|  |TAMS 0x00000000e2100000, 0x00000000e2100000| Complete 
|  34|0x00000000e2200000, 0x00000000e2300000, 0x00000000e2300000|100%|HC|  |TAMS 0x00000000e2200000, 0x00000000e2200000| Complete 
|  35|0x00000000e2300000, 0x00000000e2400000, 0x00000000e2400000|100%|HC|  |TAMS 0x00000000e2300000, 0x00000000e2300000| Complete 
|  36|0x00000000e2400000, 0x00000000e2500000, 0x00000000e2500000|100%|HC|  |TAMS 0x00000000e2400000, 0x00000000e2400000| Complete 
|  37|0x00000000e2500000, 0x00000000e2600000, 0x00000000e2600000|100%|HS|  |TAMS 0x00000000e2500000, 0x00000000e2500000| Complete 
|  38|0x00000000e2600000, 0x00000000e2700000, 0x00000000e2700000|100%|HS|  |TAMS 0x00000000e2600000, 0x00000000e2600000| Complete 
|  39|0x00000000e2700000, 0x00000000e2800000, 0x00000000e2800000|100%|HC|  |TAMS 0x00000000e2700000, 0x00000000e2700000| Complete 
|  40|0x00000000e2800000, 0x00000000e2900000, 0x00000000e2900000|100%|HC|  |TAMS 0x00000000e2800000, 0x00000000e2800000| Complete 
|  41|0x00000000e2900000, 0x00000000e2900000, 0x00000000e2a00000|  0%| F|  |TAMS 0x00000000e2900000, 0x00000000e2900000| Untracked 
|  42|0x00000000e2a00000, 0x00000000e2b00000, 0x00000000e2b00000|100%|HS|  |TAMS 0x00000000e2a00000, 0x00000000e2a00000| Complete 
|  43|0x00000000e2b00000, 0x00000000e2c00000, 0x00000000e2c00000|100%|HC|  |TAMS 0x00000000e2b00000, 0x00000000e2b00000| Complete 
|  44|0x00000000e2c00000, 0x00000000e2d00000, 0x00000000e2d00000|100%|HC|  |TAMS 0x00000000e2c00000, 0x00000000e2c00000| Complete 
|  45|0x00000000e2d00000, 0x00000000e2e00000, 0x00000000e2e00000|100%|HC|  |TAMS 0x00000000e2d00000, 0x00000000e2d00000| Complete 
|  46|0x00000000e2e00000, 0x00000000e2ea8200, 0x00000000e2f00000| 65%| O|  |TAMS 0x00000000e2e00000, 0x00000000e2e00000| Untracked 
|  47|0x00000000e2f00000, 0x00000000e2f00000, 0x00000000e3000000|  0%| F|  |TAMS 0x00000000e2f00000, 0x00000000e2f00000| Untracked 
|  48|0x00000000e3000000, 0x00000000e3000000, 0x00000000e3100000|  0%| F|  |TAMS 0x00000000e3000000, 0x00000000e3000000| Untracked 
|  49|0x00000000e3100000, 0x00000000e3100000, 0x00000000e3200000|  0%| F|  |TAMS 0x00000000e3100000, 0x00000000e3100000| Untracked 
|  50|0x00000000e3200000, 0x00000000e3200000, 0x00000000e3300000|  0%| F|  |TAMS 0x00000000e3200000, 0x00000000e3200000| Untracked 
|  51|0x00000000e3300000, 0x00000000e3300000, 0x00000000e3400000|  0%| F|  |TAMS 0x00000000e3300000, 0x00000000e3300000| Untracked 
|  52|0x00000000e3400000, 0x00000000e3400000, 0x00000000e3500000|  0%| F|  |TAMS 0x00000000e3400000, 0x00000000e3400000| Untracked 
|  53|0x00000000e3500000, 0x00000000e3500000, 0x00000000e3600000|  0%| F|  |TAMS 0x00000000e3500000, 0x00000000e3500000| Untracked 
|  54|0x00000000e3600000, 0x00000000e3600000, 0x00000000e3700000|  0%| F|  |TAMS 0x00000000e3600000, 0x00000000e3600000| Untracked 
|  55|0x00000000e3700000, 0x00000000e3700000, 0x00000000e3800000|  0%| F|  |TAMS 0x00000000e3700000, 0x00000000e3700000| Untracked 
|  56|0x00000000e3800000, 0x00000000e3800000, 0x00000000e3900000|  0%| F|  |TAMS 0x00000000e3800000, 0x00000000e3800000| Untracked 
|  57|0x00000000e3900000, 0x00000000e3900000, 0x00000000e3a00000|  0%| F|  |TAMS 0x00000000e3900000, 0x00000000e3900000| Untracked 
|  58|0x00000000e3a00000, 0x00000000e3a00000, 0x00000000e3b00000|  0%| F|  |TAMS 0x00000000e3a00000, 0x00000000e3a00000| Untracked 
|  59|0x00000000e3b00000, 0x00000000e3b00000, 0x00000000e3c00000|  0%| F|  |TAMS 0x00000000e3b00000, 0x00000000e3b00000| Untracked 
|  60|0x00000000e3c00000, 0x00000000e3c00000, 0x00000000e3d00000|  0%| F|  |TAMS 0x00000000e3c00000, 0x00000000e3c00000| Untracked 
|  61|0x00000000e3d00000, 0x00000000e3d00000, 0x00000000e3e00000|  0%| F|  |TAMS 0x00000000e3d00000, 0x00000000e3d00000| Untracked 
|  62|0x00000000e3e00000, 0x00000000e3e00000, 0x00000000e3f00000|  0%| F|  |TAMS 0x00000000e3e00000, 0x00000000e3e00000| Untracked 
|  63|0x00000000e3f00000, 0x00000000e3f00000, 0x00000000e4000000|  0%| F|  |TAMS 0x00000000e3f00000, 0x00000000e3f00000| Untracked 
|  64|0x00000000e4000000, 0x00000000e4000000, 0x00000000e4100000|  0%| F|  |TAMS 0x00000000e4000000, 0x00000000e4000000| Untracked 
|  65|0x00000000e4100000, 0x00000000e4100000, 0x00000000e4200000|  0%| F|  |TAMS 0x00000000e4100000, 0x00000000e4100000| Untracked 
|  66|0x00000000e4200000, 0x00000000e4200000, 0x00000000e4300000|  0%| F|  |TAMS 0x00000000e4200000, 0x00000000e4200000| Untracked 
|  67|0x00000000e4300000, 0x00000000e4300000, 0x00000000e4400000|  0%| F|  |TAMS 0x00000000e4300000, 0x00000000e4300000| Untracked 
|  68|0x00000000e4400000, 0x00000000e4400000, 0x00000000e4500000|  0%| F|  |TAMS 0x00000000e4400000, 0x00000000e4400000| Untracked 
|  69|0x00000000e4500000, 0x00000000e4500000, 0x00000000e4600000|  0%| F|  |TAMS 0x00000000e4500000, 0x00000000e4500000| Untracked 
|  70|0x00000000e4600000, 0x00000000e4600000, 0x00000000e4700000|  0%| F|  |TAMS 0x00000000e4600000, 0x00000000e4600000| Untracked 
|  71|0x00000000e4700000, 0x00000000e4700000, 0x00000000e4800000|  0%| F|  |TAMS 0x00000000e4700000, 0x00000000e4700000| Untracked 
|  72|0x00000000e4800000, 0x00000000e4800000, 0x00000000e4900000|  0%| F|  |TAMS 0x00000000e4800000, 0x00000000e4800000| Untracked 
|  73|0x00000000e4900000, 0x00000000e4900000, 0x00000000e4a00000|  0%| F|  |TAMS 0x00000000e4900000, 0x00000000e4900000| Untracked 
|  74|0x00000000e4a00000, 0x00000000e4a00000, 0x00000000e4b00000|  0%| F|  |TAMS 0x00000000e4a00000, 0x00000000e4a00000| Untracked 
|  75|0x00000000e4b00000, 0x00000000e4b00000, 0x00000000e4c00000|  0%| F|  |TAMS 0x00000000e4b00000, 0x00000000e4b00000| Untracked 
|  76|0x00000000e4c00000, 0x00000000e4c00000, 0x00000000e4d00000|  0%| F|  |TAMS 0x00000000e4c00000, 0x00000000e4c00000| Untracked 
|  77|0x00000000e4d00000, 0x00000000e4d00000, 0x00000000e4e00000|  0%| F|  |TAMS 0x00000000e4d00000, 0x00000000e4d00000| Untracked 
|  78|0x00000000e4e00000, 0x00000000e4e00000, 0x00000000e4f00000|  0%| F|  |TAMS 0x00000000e4e00000, 0x00000000e4e00000| Untracked 
|  79|0x00000000e4f00000, 0x00000000e4f00000, 0x00000000e5000000|  0%| F|  |TAMS 0x00000000e4f00000, 0x00000000e4f00000| Untracked 
|  80|0x00000000e5000000, 0x00000000e5000000, 0x00000000e5100000|  0%| F|  |TAMS 0x00000000e5000000, 0x00000000e5000000| Untracked 
|  81|0x00000000e5100000, 0x00000000e5100000, 0x00000000e5200000|  0%| F|  |TAMS 0x00000000e5100000, 0x00000000e5100000| Untracked 
|  82|0x00000000e5200000, 0x00000000e5200000, 0x00000000e5300000|  0%| F|  |TAMS 0x00000000e5200000, 0x00000000e5200000| Untracked 
|  83|0x00000000e5300000, 0x00000000e5400000, 0x00000000e5400000|100%| S|CS|TAMS 0x00000000e5300000, 0x00000000e5300000| Complete 
|  84|0x00000000e5400000, 0x00000000e5500000, 0x00000000e5500000|100%| S|CS|TAMS 0x00000000e5400000, 0x00000000e5400000| Complete 
|  85|0x00000000e5500000, 0x00000000e5600000, 0x00000000e5600000|100%| S|CS|TAMS 0x00000000e5500000, 0x00000000e5500000| Complete 
|  86|0x00000000e5600000, 0x00000000e5700000, 0x00000000e5700000|100%| S|CS|TAMS 0x00000000e5600000, 0x00000000e5600000| Complete 
|  87|0x00000000e5700000, 0x00000000e5800000, 0x00000000e5800000|100%| S|CS|TAMS 0x00000000e5700000, 0x00000000e5700000| Complete 
|  88|0x00000000e5800000, 0x00000000e5900000, 0x00000000e5900000|100%| S|CS|TAMS 0x00000000e5800000, 0x00000000e5800000| Complete 
|  89|0x00000000e5900000, 0x00000000e5a00000, 0x00000000e5a00000|100%| S|CS|TAMS 0x00000000e5900000, 0x00000000e5900000| Complete 
|  90|0x00000000e5a00000, 0x00000000e5b00000, 0x00000000e5b00000|100%| S|CS|TAMS 0x00000000e5a00000, 0x00000000e5a00000| Complete 
|  91|0x00000000e5b00000, 0x00000000e5c00000, 0x00000000e5c00000|100%| S|CS|TAMS 0x00000000e5b00000, 0x00000000e5b00000| Complete 
|  92|0x00000000e5c00000, 0x00000000e5d00000, 0x00000000e5d00000|100%| S|CS|TAMS 0x00000000e5c00000, 0x00000000e5c00000| Complete 
|  93|0x00000000e5d00000, 0x00000000e5e00000, 0x00000000e5e00000|100%| S|CS|TAMS 0x00000000e5d00000, 0x00000000e5d00000| Complete 
|  94|0x00000000e5e00000, 0x00000000e5f00000, 0x00000000e5f00000|100%| S|CS|TAMS 0x00000000e5e00000, 0x00000000e5e00000| Complete 
|  95|0x00000000e5f00000, 0x00000000e6000000, 0x00000000e6000000|100%| S|CS|TAMS 0x00000000e5f00000, 0x00000000e5f00000| Complete 
|  96|0x00000000e6000000, 0x00000000e6100000, 0x00000000e6100000|100%| S|CS|TAMS 0x00000000e6000000, 0x00000000e6000000| Complete 
|  97|0x00000000e6100000, 0x00000000e6200000, 0x00000000e6200000|100%| S|CS|TAMS 0x00000000e6100000, 0x00000000e6100000| Complete 
|  98|0x00000000e6200000, 0x00000000e6300000, 0x00000000e6300000|100%| S|CS|TAMS 0x00000000e6200000, 0x00000000e6200000| Complete 
|  99|0x00000000e6300000, 0x00000000e6400000, 0x00000000e6400000|100%| S|CS|TAMS 0x00000000e6300000, 0x00000000e6300000| Complete 
| 100|0x00000000e6400000, 0x00000000e6500000, 0x00000000e6500000|100%| S|CS|TAMS 0x00000000e6400000, 0x00000000e6400000| Complete 
| 101|0x00000000e6500000, 0x00000000e6600000, 0x00000000e6600000|100%| S|CS|TAMS 0x00000000e6500000, 0x00000000e6500000| Complete 
| 102|0x00000000e6600000, 0x00000000e6700000, 0x00000000e6700000|100%| S|CS|TAMS 0x00000000e6600000, 0x00000000e6600000| Complete 
| 103|0x00000000e6700000, 0x00000000e6700000, 0x00000000e6800000|  0%| F|  |TAMS 0x00000000e6700000, 0x00000000e6700000| Untracked 
| 104|0x00000000e6800000, 0x00000000e6800000, 0x00000000e6900000|  0%| F|  |TAMS 0x00000000e6800000, 0x00000000e6800000| Untracked 
| 105|0x00000000e6900000, 0x00000000e6900000, 0x00000000e6a00000|  0%| F|  |TAMS 0x00000000e6900000, 0x00000000e6900000| Untracked 
| 106|0x00000000e6a00000, 0x00000000e6a00000, 0x00000000e6b00000|  0%| F|  |TAMS 0x00000000e6a00000, 0x00000000e6a00000| Untracked 
| 107|0x00000000e6b00000, 0x00000000e6b00000, 0x00000000e6c00000|  0%| F|  |TAMS 0x00000000e6b00000, 0x00000000e6b00000| Untracked 
| 108|0x00000000e6c00000, 0x00000000e6c00000, 0x00000000e6d00000|  0%| F|  |TAMS 0x00000000e6c00000, 0x00000000e6c00000| Untracked 
| 109|0x00000000e6d00000, 0x00000000e6d00000, 0x00000000e6e00000|  0%| F|  |TAMS 0x00000000e6d00000, 0x00000000e6d00000| Untracked 
| 110|0x00000000e6e00000, 0x00000000e6e00000, 0x00000000e6f00000|  0%| F|  |TAMS 0x00000000e6e00000, 0x00000000e6e00000| Untracked 
| 111|0x00000000e6f00000, 0x00000000e6f00000, 0x00000000e7000000|  0%| F|  |TAMS 0x00000000e6f00000, 0x00000000e6f00000| Untracked 
| 112|0x00000000e7000000, 0x00000000e7000000, 0x00000000e7100000|  0%| F|  |TAMS 0x00000000e7000000, 0x00000000e7000000| Untracked 
| 113|0x00000000e7100000, 0x00000000e7100000, 0x00000000e7200000|  0%| F|  |TAMS 0x00000000e7100000, 0x00000000e7100000| Untracked 
| 114|0x00000000e7200000, 0x00000000e7200000, 0x00000000e7300000|  0%| F|  |TAMS 0x00000000e7200000, 0x00000000e7200000| Untracked 
| 115|0x00000000e7300000, 0x00000000e7300000, 0x00000000e7400000|  0%| F|  |TAMS 0x00000000e7300000, 0x00000000e7300000| Untracked 
| 116|0x00000000e7400000, 0x00000000e7400000, 0x00000000e7500000|  0%| F|  |TAMS 0x00000000e7400000, 0x00000000e7400000| Untracked 
| 117|0x00000000e7500000, 0x00000000e7500000, 0x00000000e7600000|  0%| F|  |TAMS 0x00000000e7500000, 0x00000000e7500000| Untracked 
| 118|0x00000000e7600000, 0x00000000e7600000, 0x00000000e7700000|  0%| F|  |TAMS 0x00000000e7600000, 0x00000000e7600000| Untracked 
| 119|0x00000000e7700000, 0x00000000e7700000, 0x00000000e7800000|  0%| F|  |TAMS 0x00000000e7700000, 0x00000000e7700000| Untracked 
| 120|0x00000000e7800000, 0x00000000e7800000, 0x00000000e7900000|  0%| F|  |TAMS 0x00000000e7800000, 0x00000000e7800000| Untracked 
| 121|0x00000000e7900000, 0x00000000e7900000, 0x00000000e7a00000|  0%| F|  |TAMS 0x00000000e7900000, 0x00000000e7900000| Untracked 
| 122|0x00000000e7a00000, 0x00000000e7a00000, 0x00000000e7b00000|  0%| F|  |TAMS 0x00000000e7a00000, 0x00000000e7a00000| Untracked 
| 123|0x00000000e7b00000, 0x00000000e7b00000, 0x00000000e7c00000|  0%| F|  |TAMS 0x00000000e7b00000, 0x00000000e7b00000| Untracked 
| 124|0x00000000e7c00000, 0x00000000e7c00000, 0x00000000e7d00000|  0%| F|  |TAMS 0x00000000e7c00000, 0x00000000e7c00000| Untracked 
| 125|0x00000000e7d00000, 0x00000000e7d00000, 0x00000000e7e00000|  0%| F|  |TAMS 0x00000000e7d00000, 0x00000000e7d00000| Untracked 
| 126|0x00000000e7e00000, 0x00000000e7e00000, 0x00000000e7f00000|  0%| F|  |TAMS 0x00000000e7e00000, 0x00000000e7e00000| Untracked 
| 127|0x00000000e7f00000, 0x00000000e7f00000, 0x00000000e8000000|  0%| F|  |TAMS 0x00000000e7f00000, 0x00000000e7f00000| Untracked 
| 128|0x00000000e8000000, 0x00000000e8000000, 0x00000000e8100000|  0%| F|  |TAMS 0x00000000e8000000, 0x00000000e8000000| Untracked 
| 129|0x00000000e8100000, 0x00000000e8100000, 0x00000000e8200000|  0%| F|  |TAMS 0x00000000e8100000, 0x00000000e8100000| Untracked 
| 130|0x00000000e8200000, 0x00000000e8200000, 0x00000000e8300000|  0%| F|  |TAMS 0x00000000e8200000, 0x00000000e8200000| Untracked 
| 131|0x00000000e8300000, 0x00000000e8300000, 0x00000000e8400000|  0%| F|  |TAMS 0x00000000e8300000, 0x00000000e8300000| Untracked 
| 132|0x00000000e8400000, 0x00000000e8400000, 0x00000000e8500000|  0%| F|  |TAMS 0x00000000e8400000, 0x00000000e8400000| Untracked 
| 133|0x00000000e8500000, 0x00000000e8500000, 0x00000000e8600000|  0%| F|  |TAMS 0x00000000e8500000, 0x00000000e8500000| Untracked 
| 134|0x00000000e8600000, 0x00000000e8600000, 0x00000000e8700000|  0%| F|  |TAMS 0x00000000e8600000, 0x00000000e8600000| Untracked 
| 135|0x00000000e8700000, 0x00000000e8700000, 0x00000000e8800000|  0%| F|  |TAMS 0x00000000e8700000, 0x00000000e8700000| Untracked 
| 136|0x00000000e8800000, 0x00000000e8800000, 0x00000000e8900000|  0%| F|  |TAMS 0x00000000e8800000, 0x00000000e8800000| Untracked 
| 137|0x00000000e8900000, 0x00000000e8900000, 0x00000000e8a00000|  0%| F|  |TAMS 0x00000000e8900000, 0x00000000e8900000| Untracked 
| 138|0x00000000e8a00000, 0x00000000e8a00000, 0x00000000e8b00000|  0%| F|  |TAMS 0x00000000e8a00000, 0x00000000e8a00000| Untracked 
| 139|0x00000000e8b00000, 0x00000000e8b00000, 0x00000000e8c00000|  0%| F|  |TAMS 0x00000000e8b00000, 0x00000000e8b00000| Untracked 
| 140|0x00000000e8c00000, 0x00000000e8c00000, 0x00000000e8d00000|  0%| F|  |TAMS 0x00000000e8c00000, 0x00000000e8c00000| Untracked 
| 141|0x00000000e8d00000, 0x00000000e8d00000, 0x00000000e8e00000|  0%| F|  |TAMS 0x00000000e8d00000, 0x00000000e8d00000| Untracked 
| 142|0x00000000e8e00000, 0x00000000e8e00000, 0x00000000e8f00000|  0%| F|  |TAMS 0x00000000e8e00000, 0x00000000e8e00000| Untracked 
| 143|0x00000000e8f00000, 0x00000000e8f00000, 0x00000000e9000000|  0%| F|  |TAMS 0x00000000e8f00000, 0x00000000e8f00000| Untracked 
| 144|0x00000000e9000000, 0x00000000e9000000, 0x00000000e9100000|  0%| F|  |TAMS 0x00000000e9000000, 0x00000000e9000000| Untracked 
| 145|0x00000000e9100000, 0x00000000e9100000, 0x00000000e9200000|  0%| F|  |TAMS 0x00000000e9100000, 0x00000000e9100000| Untracked 
| 146|0x00000000e9200000, 0x00000000e9200000, 0x00000000e9300000|  0%| F|  |TAMS 0x00000000e9200000, 0x00000000e9200000| Untracked 
| 147|0x00000000e9300000, 0x00000000e9300000, 0x00000000e9400000|  0%| F|  |TAMS 0x00000000e9300000, 0x00000000e9300000| Untracked 
| 148|0x00000000e9400000, 0x00000000e9400000, 0x00000000e9500000|  0%| F|  |TAMS 0x00000000e9400000, 0x00000000e9400000| Untracked 
| 149|0x00000000e9500000, 0x00000000e9500000, 0x00000000e9600000|  0%| F|  |TAMS 0x00000000e9500000, 0x00000000e9500000| Untracked 
| 150|0x00000000e9600000, 0x00000000e9600000, 0x00000000e9700000|  0%| F|  |TAMS 0x00000000e9600000, 0x00000000e9600000| Untracked 
| 151|0x00000000e9700000, 0x00000000e9700000, 0x00000000e9800000|  0%| F|  |TAMS 0x00000000e9700000, 0x00000000e9700000| Untracked 
| 152|0x00000000e9800000, 0x00000000e9800000, 0x00000000e9900000|  0%| F|  |TAMS 0x00000000e9800000, 0x00000000e9800000| Untracked 
| 153|0x00000000e9900000, 0x00000000e9900000, 0x00000000e9a00000|  0%| F|  |TAMS 0x00000000e9900000, 0x00000000e9900000| Untracked 
| 154|0x00000000e9a00000, 0x00000000e9a00000, 0x00000000e9b00000|  0%| F|  |TAMS 0x00000000e9a00000, 0x00000000e9a00000| Untracked 
| 155|0x00000000e9b00000, 0x00000000e9b00000, 0x00000000e9c00000|  0%| F|  |TAMS 0x00000000e9b00000, 0x00000000e9b00000| Untracked 
| 156|0x00000000e9c00000, 0x00000000e9c00000, 0x00000000e9d00000|  0%| F|  |TAMS 0x00000000e9c00000, 0x00000000e9c00000| Untracked 
| 157|0x00000000e9d00000, 0x00000000e9d00000, 0x00000000e9e00000|  0%| F|  |TAMS 0x00000000e9d00000, 0x00000000e9d00000| Untracked 
| 158|0x00000000e9e00000, 0x00000000e9e00000, 0x00000000e9f00000|  0%| F|  |TAMS 0x00000000e9e00000, 0x00000000e9e00000| Untracked 
| 159|0x00000000e9f00000, 0x00000000e9f00000, 0x00000000ea000000|  0%| F|  |TAMS 0x00000000e9f00000, 0x00000000e9f00000| Untracked 
| 160|0x00000000ea000000, 0x00000000ea000000, 0x00000000ea100000|  0%| F|  |TAMS 0x00000000ea000000, 0x00000000ea000000| Untracked 
| 161|0x00000000ea100000, 0x00000000ea100000, 0x00000000ea200000|  0%| F|  |TAMS 0x00000000ea100000, 0x00000000ea100000| Untracked 
| 162|0x00000000ea200000, 0x00000000ea200000, 0x00000000ea300000|  0%| F|  |TAMS 0x00000000ea200000, 0x00000000ea200000| Untracked 
| 163|0x00000000ea300000, 0x00000000ea300000, 0x00000000ea400000|  0%| F|  |TAMS 0x00000000ea300000, 0x00000000ea300000| Untracked 
| 164|0x00000000ea400000, 0x00000000ea400000, 0x00000000ea500000|  0%| F|  |TAMS 0x00000000ea400000, 0x00000000ea400000| Untracked 
| 165|0x00000000ea500000, 0x00000000ea500000, 0x00000000ea600000|  0%| F|  |TAMS 0x00000000ea500000, 0x00000000ea500000| Untracked 
| 166|0x00000000ea600000, 0x00000000ea600000, 0x00000000ea700000|  0%| F|  |TAMS 0x00000000ea600000, 0x00000000ea600000| Untracked 
| 167|0x00000000ea700000, 0x00000000ea700000, 0x00000000ea800000|  0%| F|  |TAMS 0x00000000ea700000, 0x00000000ea700000| Untracked 
| 168|0x00000000ea800000, 0x00000000ea800000, 0x00000000ea900000|  0%| F|  |TAMS 0x00000000ea800000, 0x00000000ea800000| Untracked 
| 169|0x00000000ea900000, 0x00000000ea900000, 0x00000000eaa00000|  0%| F|  |TAMS 0x00000000ea900000, 0x00000000ea900000| Untracked 
| 170|0x00000000eaa00000, 0x00000000eaa00000, 0x00000000eab00000|  0%| F|  |TAMS 0x00000000eaa00000, 0x00000000eaa00000| Untracked 
| 171|0x00000000eab00000, 0x00000000eab00000, 0x00000000eac00000|  0%| F|  |TAMS 0x00000000eab00000, 0x00000000eab00000| Untracked 
| 172|0x00000000eac00000, 0x00000000eac00000, 0x00000000ead00000|  0%| F|  |TAMS 0x00000000eac00000, 0x00000000eac00000| Untracked 
| 173|0x00000000ead00000, 0x00000000ead00000, 0x00000000eae00000|  0%| F|  |TAMS 0x00000000ead00000, 0x00000000ead00000| Untracked 
| 174|0x00000000eae00000, 0x00000000eae00000, 0x00000000eaf00000|  0%| F|  |TAMS 0x00000000eae00000, 0x00000000eae00000| Untracked 
| 175|0x00000000eaf00000, 0x00000000eaf00000, 0x00000000eb000000|  0%| F|  |TAMS 0x00000000eaf00000, 0x00000000eaf00000| Untracked 
| 176|0x00000000eb000000, 0x00000000eb000000, 0x00000000eb100000|  0%| F|  |TAMS 0x00000000eb000000, 0x00000000eb000000| Untracked 
| 177|0x00000000eb100000, 0x00000000eb100000, 0x00000000eb200000|  0%| F|  |TAMS 0x00000000eb100000, 0x00000000eb100000| Untracked 
| 178|0x00000000eb200000, 0x00000000eb200000, 0x00000000eb300000|  0%| F|  |TAMS 0x00000000eb200000, 0x00000000eb200000| Untracked 
| 179|0x00000000eb300000, 0x00000000eb300000, 0x00000000eb400000|  0%| F|  |TAMS 0x00000000eb300000, 0x00000000eb300000| Untracked 
| 180|0x00000000eb400000, 0x00000000eb400000, 0x00000000eb500000|  0%| F|  |TAMS 0x00000000eb400000, 0x00000000eb400000| Untracked 
| 181|0x00000000eb500000, 0x00000000eb500000, 0x00000000eb600000|  0%| F|  |TAMS 0x00000000eb500000, 0x00000000eb500000| Untracked 
| 182|0x00000000eb600000, 0x00000000eb600000, 0x00000000eb700000|  0%| F|  |TAMS 0x00000000eb600000, 0x00000000eb600000| Untracked 
| 183|0x00000000eb700000, 0x00000000eb700000, 0x00000000eb800000|  0%| F|  |TAMS 0x00000000eb700000, 0x00000000eb700000| Untracked 
| 184|0x00000000eb800000, 0x00000000eb800000, 0x00000000eb900000|  0%| F|  |TAMS 0x00000000eb800000, 0x00000000eb800000| Untracked 
| 185|0x00000000eb900000, 0x00000000eb900000, 0x00000000eba00000|  0%| F|  |TAMS 0x00000000eb900000, 0x00000000eb900000| Untracked 
| 186|0x00000000eba00000, 0x00000000eba00000, 0x00000000ebb00000|  0%| F|  |TAMS 0x00000000eba00000, 0x00000000eba00000| Untracked 
| 187|0x00000000ebb00000, 0x00000000ebb00000, 0x00000000ebc00000|  0%| F|  |TAMS 0x00000000ebb00000, 0x00000000ebb00000| Untracked 
| 188|0x00000000ebc00000, 0x00000000ebc00000, 0x00000000ebd00000|  0%| F|  |TAMS 0x00000000ebc00000, 0x00000000ebc00000| Untracked 
| 189|0x00000000ebd00000, 0x00000000ebd00000, 0x00000000ebe00000|  0%| F|  |TAMS 0x00000000ebd00000, 0x00000000ebd00000| Untracked 
| 190|0x00000000ebe00000, 0x00000000ebe00000, 0x00000000ebf00000|  0%| F|  |TAMS 0x00000000ebe00000, 0x00000000ebe00000| Untracked 
| 191|0x00000000ebf00000, 0x00000000ebf00000, 0x00000000ec000000|  0%| F|  |TAMS 0x00000000ebf00000, 0x00000000ebf00000| Untracked 
| 192|0x00000000ec000000, 0x00000000ec000000, 0x00000000ec100000|  0%| F|  |TAMS 0x00000000ec000000, 0x00000000ec000000| Untracked 
| 193|0x00000000ec100000, 0x00000000ec100000, 0x00000000ec200000|  0%| F|  |TAMS 0x00000000ec100000, 0x00000000ec100000| Untracked 
| 194|0x00000000ec200000, 0x00000000ec200000, 0x00000000ec300000|  0%| F|  |TAMS 0x00000000ec200000, 0x00000000ec200000| Untracked 
| 195|0x00000000ec300000, 0x00000000ec300000, 0x00000000ec400000|  0%| F|  |TAMS 0x00000000ec300000, 0x00000000ec300000| Untracked 
| 196|0x00000000ec400000, 0x00000000ec400000, 0x00000000ec500000|  0%| F|  |TAMS 0x00000000ec400000, 0x00000000ec400000| Untracked 
| 197|0x00000000ec500000, 0x00000000ec500000, 0x00000000ec600000|  0%| F|  |TAMS 0x00000000ec500000, 0x00000000ec500000| Untracked 
| 198|0x00000000ec600000, 0x00000000ec600000, 0x00000000ec700000|  0%| F|  |TAMS 0x00000000ec600000, 0x00000000ec600000| Untracked 
| 199|0x00000000ec700000, 0x00000000ec700000, 0x00000000ec800000|  0%| F|  |TAMS 0x00000000ec700000, 0x00000000ec700000| Untracked 
| 200|0x00000000ec800000, 0x00000000ec800000, 0x00000000ec900000|  0%| F|  |TAMS 0x00000000ec800000, 0x00000000ec800000| Untracked 
| 201|0x00000000ec900000, 0x00000000ec900000, 0x00000000eca00000|  0%| F|  |TAMS 0x00000000ec900000, 0x00000000ec900000| Untracked 
| 202|0x00000000eca00000, 0x00000000eca00000, 0x00000000ecb00000|  0%| F|  |TAMS 0x00000000eca00000, 0x00000000eca00000| Untracked 
| 203|0x00000000ecb00000, 0x00000000ecb00000, 0x00000000ecc00000|  0%| F|  |TAMS 0x00000000ecb00000, 0x00000000ecb00000| Untracked 
| 204|0x00000000ecc00000, 0x00000000ecc00000, 0x00000000ecd00000|  0%| F|  |TAMS 0x00000000ecc00000, 0x00000000ecc00000| Untracked 
| 205|0x00000000ecd00000, 0x00000000ecd00000, 0x00000000ece00000|  0%| F|  |TAMS 0x00000000ecd00000, 0x00000000ecd00000| Untracked 
| 206|0x00000000ece00000, 0x00000000ece00000, 0x00000000ecf00000|  0%| F|  |TAMS 0x00000000ece00000, 0x00000000ece00000| Untracked 
| 207|0x00000000ecf00000, 0x00000000ecf00000, 0x00000000ed000000|  0%| F|  |TAMS 0x00000000ecf00000, 0x00000000ecf00000| Untracked 
| 208|0x00000000ed000000, 0x00000000ed000000, 0x00000000ed100000|  0%| F|  |TAMS 0x00000000ed000000, 0x00000000ed000000| Untracked 
| 209|0x00000000ed100000, 0x00000000ed100000, 0x00000000ed200000|  0%| F|  |TAMS 0x00000000ed100000, 0x00000000ed100000| Untracked 
| 210|0x00000000ed200000, 0x00000000ed200000, 0x00000000ed300000|  0%| F|  |TAMS 0x00000000ed200000, 0x00000000ed200000| Untracked 
| 211|0x00000000ed300000, 0x00000000ed300000, 0x00000000ed400000|  0%| F|  |TAMS 0x00000000ed300000, 0x00000000ed300000| Untracked 
| 212|0x00000000ed400000, 0x00000000ed400000, 0x00000000ed500000|  0%| F|  |TAMS 0x00000000ed400000, 0x00000000ed400000| Untracked 
| 213|0x00000000ed500000, 0x00000000ed500000, 0x00000000ed600000|  0%| F|  |TAMS 0x00000000ed500000, 0x00000000ed500000| Untracked 
| 214|0x00000000ed600000, 0x00000000ed600000, 0x00000000ed700000|  0%| F|  |TAMS 0x00000000ed600000, 0x00000000ed600000| Untracked 
| 215|0x00000000ed700000, 0x00000000ed700000, 0x00000000ed800000|  0%| F|  |TAMS 0x00000000ed700000, 0x00000000ed700000| Untracked 
| 216|0x00000000ed800000, 0x00000000ed800000, 0x00000000ed900000|  0%| F|  |TAMS 0x00000000ed800000, 0x00000000ed800000| Untracked 
| 217|0x00000000ed900000, 0x00000000ed900000, 0x00000000eda00000|  0%| F|  |TAMS 0x00000000ed900000, 0x00000000ed900000| Untracked 
| 218|0x00000000eda00000, 0x00000000eda00000, 0x00000000edb00000|  0%| F|  |TAMS 0x00000000eda00000, 0x00000000eda00000| Untracked 
| 219|0x00000000edb00000, 0x00000000edb00000, 0x00000000edc00000|  0%| F|  |TAMS 0x00000000edb00000, 0x00000000edb00000| Untracked 
| 220|0x00000000edc00000, 0x00000000edc00000, 0x00000000edd00000|  0%| F|  |TAMS 0x00000000edc00000, 0x00000000edc00000| Untracked 
| 221|0x00000000edd00000, 0x00000000edd00000, 0x00000000ede00000|  0%| F|  |TAMS 0x00000000edd00000, 0x00000000edd00000| Untracked 
| 222|0x00000000ede00000, 0x00000000ede00000, 0x00000000edf00000|  0%| F|  |TAMS 0x00000000ede00000, 0x00000000ede00000| Untracked 
| 223|0x00000000edf00000, 0x00000000edf00000, 0x00000000ee000000|  0%| F|  |TAMS 0x00000000edf00000, 0x00000000edf00000| Untracked 
| 224|0x00000000ee000000, 0x00000000ee000000, 0x00000000ee100000|  0%| F|  |TAMS 0x00000000ee000000, 0x00000000ee000000| Untracked 
| 225|0x00000000ee100000, 0x00000000ee100000, 0x00000000ee200000|  0%| F|  |TAMS 0x00000000ee100000, 0x00000000ee100000| Untracked 
| 226|0x00000000ee200000, 0x00000000ee200000, 0x00000000ee300000|  0%| F|  |TAMS 0x00000000ee200000, 0x00000000ee200000| Untracked 
| 227|0x00000000ee300000, 0x00000000ee300000, 0x00000000ee400000|  0%| F|  |TAMS 0x00000000ee300000, 0x00000000ee300000| Untracked 
| 228|0x00000000ee400000, 0x00000000ee400000, 0x00000000ee500000|  0%| F|  |TAMS 0x00000000ee400000, 0x00000000ee400000| Untracked 
| 229|0x00000000ee500000, 0x00000000ee500000, 0x00000000ee600000|  0%| F|  |TAMS 0x00000000ee500000, 0x00000000ee500000| Untracked 
| 230|0x00000000ee600000, 0x00000000ee600000, 0x00000000ee700000|  0%| F|  |TAMS 0x00000000ee600000, 0x00000000ee600000| Untracked 
| 231|0x00000000ee700000, 0x00000000ee700000, 0x00000000ee800000|  0%| F|  |TAMS 0x00000000ee700000, 0x00000000ee700000| Untracked 
| 232|0x00000000ee800000, 0x00000000ee800000, 0x00000000ee900000|  0%| F|  |TAMS 0x00000000ee800000, 0x00000000ee800000| Untracked 
| 233|0x00000000ee900000, 0x00000000ee900000, 0x00000000eea00000|  0%| F|  |TAMS 0x00000000ee900000, 0x00000000ee900000| Untracked 
| 234|0x00000000eea00000, 0x00000000eea00000, 0x00000000eeb00000|  0%| F|  |TAMS 0x00000000eea00000, 0x00000000eea00000| Untracked 
| 235|0x00000000eeb00000, 0x00000000eeb00000, 0x00000000eec00000|  0%| F|  |TAMS 0x00000000eeb00000, 0x00000000eeb00000| Untracked 
| 236|0x00000000eec00000, 0x00000000eec00000, 0x00000000eed00000|  0%| F|  |TAMS 0x00000000eec00000, 0x00000000eec00000| Untracked 
| 237|0x00000000eed00000, 0x00000000eed00000, 0x00000000eee00000|  0%| F|  |TAMS 0x00000000eed00000, 0x00000000eed00000| Untracked 
| 238|0x00000000eee00000, 0x00000000eef00000, 0x00000000eef00000|100%| E|  |TAMS 0x00000000eee00000, 0x00000000eee00000| Complete 
| 239|0x00000000eef00000, 0x00000000ef000000, 0x00000000ef000000|100%| E|CS|TAMS 0x00000000eef00000, 0x00000000eef00000| Complete 
| 240|0x00000000ef000000, 0x00000000ef100000, 0x00000000ef100000|100%| E|CS|TAMS 0x00000000ef000000, 0x00000000ef000000| Complete 
| 241|0x00000000ef100000, 0x00000000ef200000, 0x00000000ef200000|100%| E|CS|TAMS 0x00000000ef100000, 0x00000000ef100000| Complete 
| 242|0x00000000ef200000, 0x00000000ef300000, 0x00000000ef300000|100%| E|CS|TAMS 0x00000000ef200000, 0x00000000ef200000| Complete 
| 243|0x00000000ef300000, 0x00000000ef400000, 0x00000000ef400000|100%| E|CS|TAMS 0x00000000ef300000, 0x00000000ef300000| Complete 
| 244|0x00000000ef400000, 0x00000000ef500000, 0x00000000ef500000|100%| E|CS|TAMS 0x00000000ef400000, 0x00000000ef400000| Complete 
| 245|0x00000000ef500000, 0x00000000ef600000, 0x00000000ef600000|100%| E|CS|TAMS 0x00000000ef500000, 0x00000000ef500000| Complete 
| 246|0x00000000ef600000, 0x00000000ef700000, 0x00000000ef700000|100%| E|CS|TAMS 0x00000000ef600000, 0x00000000ef600000| Complete 
| 247|0x00000000ef700000, 0x00000000ef800000, 0x00000000ef800000|100%| E|CS|TAMS 0x00000000ef700000, 0x00000000ef700000| Complete 
| 248|0x00000000ef800000, 0x00000000ef900000, 0x00000000ef900000|100%| E|CS|TAMS 0x00000000ef800000, 0x00000000ef800000| Complete 
| 249|0x00000000ef900000, 0x00000000efa00000, 0x00000000efa00000|100%| E|CS|TAMS 0x00000000ef900000, 0x00000000ef900000| Complete 
| 250|0x00000000efa00000, 0x00000000efb00000, 0x00000000efb00000|100%| E|CS|TAMS 0x00000000efa00000, 0x00000000efa00000| Complete 
| 251|0x00000000efb00000, 0x00000000efc00000, 0x00000000efc00000|100%| E|CS|TAMS 0x00000000efb00000, 0x00000000efb00000| Complete 
| 252|0x00000000efc00000, 0x00000000efd00000, 0x00000000efd00000|100%| E|CS|TAMS 0x00000000efc00000, 0x00000000efc00000| Complete 
| 253|0x00000000efd00000, 0x00000000efe00000, 0x00000000efe00000|100%| E|CS|TAMS 0x00000000efd00000, 0x00000000efd00000| Complete 
| 254|0x00000000efe00000, 0x00000000eff00000, 0x00000000eff00000|100%| E|CS|TAMS 0x00000000efe00000, 0x00000000efe00000| Complete 
| 255|0x00000000eff00000, 0x00000000f0000000, 0x00000000f0000000|100%| E|CS|TAMS 0x00000000eff00000, 0x00000000eff00000| Complete 

Card table byte_map: [0x00000162b3640000,0x00000162b3740000] _byte_map_base: 0x00000162b2f40000

Marking Bits (Prev, Next): (CMBitMap*) 0x000001629a2ed598, (CMBitMap*) 0x000001629a2ed5d0
 Prev Bits: [0x00000162b3840000, 0x00000162b4040000)
 Next Bits: [0x00000162b4040000, 0x00000162b4840000)

Polling page: 0x000001629a080000

Metaspace:

Usage:
  Non-class:     43.77 MB capacity,    42.96 MB ( 98%) used,   709.27 KB (  2%) free+waste,   126.69 KB ( <1%) overhead. 
      Class:      6.87 MB capacity,     6.42 MB ( 93%) used,   403.20 KB (  6%) free+waste,    61.44 KB ( <1%) overhead. 
       Both:     50.65 MB capacity,    49.38 MB ( 97%) used,     1.09 MB (  2%) free+waste,   188.13 KB ( <1%) overhead. 

Virtual space:
  Non-class space:       44.00 MB reserved,      44.00 MB (100%) committed 
      Class space:      248.00 MB reserved,       6.88 MB (  3%) committed 
             Both:      292.00 MB reserved,      50.88 MB ( 17%) committed 

Chunk freelists:
   Non-Class:  4.88 KB
       Class:  512 bytes
        Both:  5.38 KB

CodeHeap 'non-profiled nmethods': size=120064Kb used=2245Kb max_used=2245Kb free=117818Kb
 bounds [0x00000162ab9e0000, 0x00000162abc50000, 0x00000162b2f20000]
CodeHeap 'profiled nmethods': size=120000Kb used=9772Kb max_used=9772Kb free=110227Kb
 bounds [0x00000162a44b0000, 0x00000162a4e40000, 0x00000162ab9e0000]
CodeHeap 'non-nmethods': size=5696Kb used=2218Kb max_used=2254Kb free=3477Kb
 bounds [0x00000162a3f20000, 0x00000162a4190000, 0x00000162a44b0000]
 total_blobs=5317 nmethods=4527 adapters=701
 compilation: enabled
              stopped_count=0, restarted_count=0
 full_count=0

Compilation events (10 events):
Event: 22.467 Thread 0x00000162b784b800 4543       1       groovyjarjarantlr4.v4.runtime.atn.ATNConfigSet::hasSemanticContext (5 bytes)
Event: 22.467 Thread 0x00000162b784b800 nmethod 4543 0x00000162abc10310 code [0x00000162abc104a0, 0x00000162abc10558]
Event: 22.469 Thread 0x00000162b784b800 4544       1       groovyjarjarantlr4.v4.runtime.atn.EmptyPredictionContext::hasEmpty (2 bytes)
Event: 22.470 Thread 0x00000162b784b800 nmethod 4544 0x00000162abc10610 code [0x00000162abc107a0, 0x00000162abc10858]
Event: 22.473 Thread 0x00000162b784b800 4545       1       groovyjarjarantlr4.v4.runtime.atn.RuleStopState::getNonStopStateNumber (2 bytes)
Event: 22.474 Thread 0x00000162b784b800 nmethod 4545 0x00000162abc10910 code [0x00000162abc10aa0, 0x00000162abc10b58]
Event: 22.474 Thread 0x00000162b784b800 4546       1       groovyjarjarantlr4.v4.runtime.CommonToken::getType (5 bytes)
Event: 22.474 Thread 0x00000162b784b800 nmethod 4546 0x00000162abc10c10 code [0x00000162abc10da0, 0x00000162abc10e58]
Event: 22.502 Thread 0x00000162b784b800 4548       2       java.util.Spliterators::emptySpliterator (4 bytes)
Event: 22.502 Thread 0x00000162b784b800 nmethod 4548 0x00000162a4e33a90 code [0x00000162a4e33c20, 0x00000162a4e33cf8]

GC Heap History (10 events):
Event: 7.652 GC heap before
{Heap before GC invocations=3 (full 0):
 garbage-first heap   total 262144K, used 51867K [0x00000000e0000000, 0x0000000100000000)
  region size 1024K, 42 young (43008K), 3 survivors (3072K)
 Metaspace       used 17553K, capacity 18017K, committed 18176K, reserved 270336K
  class space    used 2035K, capacity 2190K, committed 2304K, reserved 253952K
}
Event: 7.665 GC heap after
{Heap after GC invocations=4 (full 0):
 garbage-first heap   total 262144K, used 16233K [0x00000000e0000000, 0x0000000100000000)
  region size 1024K, 6 young (6144K), 6 survivors (6144K)
 Metaspace       used 17553K, capacity 18017K, committed 18176K, reserved 270336K
  class space    used 2035K, capacity 2190K, committed 2304K, reserved 253952K
}
Event: 8.700 GC heap before
{Heap before GC invocations=4 (full 0):
 garbage-first heap   total 262144K, used 43881K [0x00000000e0000000, 0x0000000100000000)
  region size 1024K, 34 young (34816K), 6 survivors (6144K)
 Metaspace       used 20694K, capacity 21191K, committed 21296K, reserved 274432K
  class space    used 2523K, capacity 2675K, committed 2688K, reserved 253952K
}
Event: 8.713 GC heap after
{Heap after GC invocations=5 (full 0):
 garbage-first heap   total 262144K, used 17572K [0x00000000e0000000, 0x0000000100000000)
  region size 1024K, 5 young (5120K), 5 survivors (5120K)
 Metaspace       used 20694K, capacity 21191K, committed 21296K, reserved 274432K
  class space    used 2523K, capacity 2675K, committed 2688K, reserved 253952K
}
Event: 10.562 GC heap before
{Heap before GC invocations=6 (full 0):
 garbage-first heap   total 262144K, used 67748K [0x00000000e0000000, 0x0000000100000000)
  region size 1024K, 54 young (55296K), 5 survivors (5120K)
 Metaspace       used 26115K, capacity 26775K, committed 27008K, reserved 278528K
  class space    used 3395K, capacity 3628K, committed 3712K, reserved 253952K
}
Event: 10.575 GC heap after
{Heap after GC invocations=7 (full 0):
 garbage-first heap   total 262144K, used 19464K [0x00000000e0000000, 0x0000000100000000)
  region size 1024K, 4 young (4096K), 4 survivors (4096K)
 Metaspace       used 26115K, capacity 26775K, committed 27008K, reserved 278528K
  class space    used 3395K, capacity 3628K, committed 3712K, reserved 253952K
}
Event: 14.525 GC heap before
{Heap before GC invocations=7 (full 0):
 garbage-first heap   total 262144K, used 102408K [0x00000000e0000000, 0x0000000100000000)
  region size 1024K, 73 young (74752K), 4 survivors (4096K)
 Metaspace       used 35035K, capacity 35904K, committed 35968K, reserved 286720K
  class space    used 4580K, capacity 4948K, committed 4992K, reserved 253952K
}
Event: 14.550 GC heap after
{Heap after GC invocations=8 (full 0):
 garbage-first heap   total 262144K, used 39563K [0x00000000e0000000, 0x0000000100000000)
  region size 1024K, 9 young (9216K), 9 survivors (9216K)
 Metaspace       used 35035K, capacity 35904K, committed 35968K, reserved 286720K
  class space    used 4580K, capacity 4948K, committed 4992K, reserved 253952K
}
Event: 21.525 GC heap before
{Heap before GC invocations=9 (full 0):
 garbage-first heap   total 262144K, used 202379K [0x00000000e0000000, 0x0000000100000000)
  region size 1024K, 153 young (156672K), 9 survivors (9216K)
 Metaspace       used 48446K, capacity 49766K, committed 49920K, reserved 299008K
  class space    used 6175K, capacity 6616K, committed 6656K, reserved 253952K
}
Event: 21.583 GC heap after
{Heap after GC invocations=10 (full 0):
 garbage-first heap   total 262144K, used 64160K [0x00000000e0000000, 0x0000000100000000)
  region size 1024K, 20 young (20480K), 20 survivors (20480K)
 Metaspace       used 48446K, capacity 49766K, committed 49920K, reserved 299008K
  class space    used 6175K, capacity 6616K, committed 6656K, reserved 253952K
}

Deoptimization events (10 events):
Event: 21.021 Thread 0x00000162ba259000 Uncommon trap: reason=class_check action=maybe_recompile pc=0x00000162abbc60d8 method=java.util.regex.Pattern$CharProperty.study(Ljava/util/regex/Pattern$TreeInfo;)Z @ 25 c2
Event: 21.022 Thread 0x00000162ba259000 Uncommon trap: reason=class_check action=maybe_recompile pc=0x00000162abbc60d8 method=java.util.regex.Pattern$CharProperty.study(Ljava/util/regex/Pattern$TreeInfo;)Z @ 25 c2
Event: 21.140 Thread 0x00000162ba259000 Uncommon trap: reason=unstable_if action=reinterpret pc=0x00000162abace770 method=java.util.HashMap.hash(Ljava/lang/Object;)I @ 1 c2
Event: 21.140 Thread 0x00000162ba259000 Uncommon trap: reason=unstable_if action=reinterpret pc=0x00000162abace164 method=java.util.HashMap.getNode(ILjava/lang/Object;)Ljava/util/HashMap$Node; @ 53 c2
Event: 21.140 Thread 0x00000162ba259000 Uncommon trap: reason=unstable_if action=reinterpret pc=0x00000162aba06c74 method=java.util.HashMap.hash(Ljava/lang/Object;)I @ 1 c2
Event: 21.172 Thread 0x00000162ba259000 Uncommon trap: reason=unstable_if action=reinterpret pc=0x00000162abb35048 method=org.gradle.internal.reflect.PropertyAccessorType.isGetGetterName(Ljava/lang/String;)Z @ 14 c2
Event: 21.239 Thread 0x00000162ba259000 Uncommon trap: reason=unstable_if action=reinterpret pc=0x00000162abb51da0 method=java.util.concurrent.ConcurrentHashMap.computeIfAbsent(Ljava/lang/Object;Ljava/util/function/Function;)Ljava/lang/Object; @ 123 c2
Event: 22.171 Thread 0x00000162ba259000 Uncommon trap: reason=bimorphic_or_optimized_type_check action=maybe_recompile pc=0x00000162aba4e340 method=java.util.HashMap.putVal(ILjava/lang/Object;Ljava/lang/Object;ZZ)Ljava/lang/Object; @ 203 c2
Event: 22.419 Thread 0x00000162ba259000 Uncommon trap: reason=unstable_if action=reinterpret pc=0x00000162aba54104 method=java.util.HashMap.resize()[Ljava/util/HashMap$Node; @ 203 c2
Event: 22.420 Thread 0x00000162ba259000 Uncommon trap: reason=unstable_if action=reinterpret pc=0x00000162abb61ccc method=java.util.HashMap.getNode(ILjava/lang/Object;)Ljava/util/HashMap$Node; @ 84 c2

Classes redefined (0 events):
No events

Internal exceptions (10 events):
Event: 20.945 Thread 0x00000162ba259000 Exception <a 'java/lang/NoSuchMethodError'{0x00000000e73d3a30}: java.lang.invoke.DelegatingMethodHandle$Holder.reinvoke_L(Ljava/lang/Object;Ljava/lang/Object;Ljava/lang/Object;Ljava/lang/Object;Ljava/lang/Object;Ljava/lang/Object;Ljava/lang/Object;Ljava/l
Event: 20.947 Thread 0x00000162ba259000 Exception <a 'java/lang/NoSuchMethodError'{0x00000000e73dfcc8}: java.lang.invoke.DirectMethodHandle$Holder.invokeSpecial(Ljava/lang/Object;Ljava/lang/Object;Ljava/lang/Object;Ljava/lang/Object;Ljava/lang/Object;Ljava/lang/Object;Ljava/lang/Object;Ljava/la
Event: 20.947 Thread 0x00000162ba259000 Exception <a 'java/lang/NoSuchMethodError'{0x00000000e73e6400}: java.lang.invoke.Invokers$Holder.invoker(Ljava/lang/Object;Ljava/lang/Object;Ljava/lang/Object;Ljava/lang/Object;Ljava/lang/Object;Ljava/lang/Object;Ljava/lang/Object;Ljava/lang/Object;Ljava/
Event: 20.948 Thread 0x00000162ba259000 Exception <a 'java/lang/NoSuchMethodError'{0x00000000e73edd08}: java.lang.invoke.DelegatingMethodHandle$Holder.delegate(Ljava/lang/Object;Ljava/lang/Object;Ljava/lang/Object;Ljava/lang/Object;Ljava/lang/Object;Ljava/lang/Object;Ljava/lang/Object;Ljava/lan
Event: 20.961 Thread 0x00000162ba259000 Exception <a 'java/lang/NoSuchMethodError'{0x00000000e7236370}: java.lang.invoke.DirectMethodHandle$Holder.invokeStatic(Ljava/lang/Object;Ljava/lang/Object;Ljava/lang/Object;Ljava/lang/Object;Ljava/lang/Object;Ljava/lang/Object;Ljava/lang/Object;Ljava/lan
Event: 20.965 Thread 0x00000162ba259000 Exception <a 'java/lang/NoSuchMethodError'{0x00000000e7247010}: java.lang.invoke.DirectMethodHandle$Holder.invokeStatic(Ljava/lang/Object;Ljava/lang/Object;Ljava/lang/Object;Ljava/lang/Object;Ljava/lang/Object;Ljava/lang/Object;Ljava/lang/Object;Ljava/lan
Event: 20.968 Thread 0x00000162ba259000 Exception <a 'java/lang/NoSuchMethodError'{0x00000000e7257a38}: java.lang.invoke.DelegatingMethodHandle$Holder.reinvoke_L(Ljava/lang/Object;Ljava/lang/Object;Ljava/lang/Object;Ljava/lang/Object;Ljava/lang/Object;Ljava/lang/Object;Ljava/lang/Object;Ljava/l
Event: 21.140 Thread 0x00000162ba259000 Implicit null exception at 0x00000162abace554 to 0x00000162abace764
Event: 21.140 Thread 0x00000162ba259000 Implicit null exception at 0x00000162aba06bd8 to 0x00000162aba06c6a
Event: 21.408 Thread 0x00000162ba259000 Exception <a 'java/lang/NoSuchMethodError'{0x00000000e68057d8}: java.lang.invoke.DirectMethodHandle$Holder.invokeVirtual(Ljava/lang/Object;Ljava/lang/Object;)V> (0x00000000e68057d8) thrown at [./open/src/hotspot/share/interpreter/linkResolver.cpp, line 77

Events (10 events):
Event: 22.419 Thread 0x00000162ba259000 Uncommon trap: trap_request=0xffffff4d fr.pc=0x00000162aba54104 relative=0x00000000000009a4
Event: 22.419 Thread 0x00000162ba259000 DEOPT PACKING pc=0x00000162aba54104 sp=0x000000602b8f74f0
Event: 22.419 Thread 0x00000162ba259000 DEOPT UNPACKING pc=0x00000162a3f465af sp=0x000000602b8f7490 mode 2
Event: 22.420 Thread 0x00000162ba259000 Uncommon trap: trap_request=0xffffff4d fr.pc=0x00000162abb61ccc relative=0x000000000000022c
Event: 22.420 Thread 0x00000162ba259000 DEOPT PACKING pc=0x00000162abb61ccc sp=0x000000602b8f53d0
Event: 22.421 Thread 0x00000162ba259000 DEOPT UNPACKING pc=0x00000162a3f465af sp=0x000000602b8f52d0 mode 2
Event: 22.451 loading class groovyjarjarantlr4/v4/runtime/atn/ConflictInfo
Event: 22.451 loading class groovyjarjarantlr4/v4/runtime/atn/ConflictInfo done
Event: 22.486 Executing VM operation: ICBufferFull
Event: 22.487 Executing VM operation: ICBufferFull done


Dynamic libraries:
0x00007ff7d62d0000 - 0x00007ff7d62df000 	C:\Program Files\Java\jdk-11.0.11\bin\java.exe
0x00007ffcef600000 - 0x00007ffcef7f0000 	C:\Windows\SYSTEM32\ntdll.dll
0x00007ffceef70000 - 0x00007ffcef022000 	C:\Windows\System32\KERNEL32.DLL
0x00007ffcecee0000 - 0x00007ffced185000 	C:\Windows\System32\KERNELBASE.dll
0x00007ffcea4f0000 - 0x00007ffcea57f000 	C:\Windows\SYSTEM32\apphelp.dll
0x00007ffcec5a0000 - 0x00007ffcec69a000 	C:\Windows\System32\ucrtbase.dll
0x00007ffce4f10000 - 0x00007ffce4f28000 	C:\Program Files\Java\jdk-11.0.11\bin\jli.dll
0x00007ffcdc840000 - 0x00007ffcdc855000 	C:\Program Files\Java\jdk-11.0.11\bin\VCRUNTIME140.dll
0x00007ffcedb20000 - 0x00007ffcedbc3000 	C:\Windows\System32\ADVAPI32.dll
0x00007ffceda80000 - 0x00007ffcedb1e000 	C:\Windows\System32\msvcrt.dll
0x00007ffcef3a0000 - 0x00007ffcef437000 	C:\Windows\System32\sechost.dll
0x00007ffcee3b0000 - 0x00007ffcee4cf000 	C:\Windows\System32\RPCRT4.dll
0x00007ffced770000 - 0x00007ffced904000 	C:\Windows\System32\USER32.dll
0x00007ffcec570000 - 0x00007ffcec591000 	C:\Windows\System32\win32u.dll
0x00007ffce2060000 - 0x00007ffce22e4000 	C:\Windows\WinSxS\amd64_microsoft.windows.common-controls_6595b64144ccf1df_6.0.18362.1556_none_9e7e372fe45e41d5\COMCTL32.dll
0x00007ffced740000 - 0x00007ffced766000 	C:\Windows\System32\GDI32.dll
0x00007ffcee680000 - 0x00007ffcee9b6000 	C:\Windows\System32\combase.dll
0x00007ffced350000 - 0x00007ffced4e8000 	C:\Windows\System32\gdi32full.dll
0x00007ffcec6d0000 - 0x00007ffcec751000 	C:\Windows\System32\bcryptPrimitives.dll
0x00007ffced260000 - 0x00007ffced2fe000 	C:\Windows\System32\msvcp_win.dll
0x00007ffce6270000 - 0x00007ffce627a000 	C:\Windows\SYSTEM32\VERSION.dll
0x00007ffcef030000 - 0x00007ffcef05e000 	C:\Windows\System32\IMM32.DLL
0x00007ffcca340000 - 0x00007ffcca3db000 	C:\Program Files\Java\jdk-11.0.11\bin\msvcp140.dll
0x00007ffcc8af0000 - 0x00007ffcc95ee000 	C:\Program Files\Java\jdk-11.0.11\bin\server\jvm.dll
0x00007ffced6b0000 - 0x00007ffced6b8000 	C:\Windows\System32\PSAPI.DLL
0x00007ffce7bb0000 - 0x00007ffce7bb9000 	C:\Windows\SYSTEM32\WSOCK32.dll
0x00007ffce9c90000 - 0x00007ffce9cb4000 	C:\Windows\SYSTEM32\WINMM.dll
0x00007ffceea20000 - 0x00007ffceea8f000 	C:\Windows\System32\WS2_32.dll
0x00007ffce9c60000 - 0x00007ffce9c8d000 	C:\Windows\SYSTEM32\WINMMBASE.dll
0x00007ffced300000 - 0x00007ffced34a000 	C:\Windows\System32\cfgmgr32.dll
0x00007ffcec4c0000 - 0x00007ffcec4d1000 	C:\Windows\System32\kernel.appcore.dll
0x00007ffce4f00000 - 0x00007ffce4f10000 	C:\Program Files\Java\jdk-11.0.11\bin\verify.dll
0x00007ffcda910000 - 0x00007ffcdab04000 	C:\Windows\SYSTEM32\DBGHELP.DLL
0x00007ffcda810000 - 0x00007ffcda83a000 	C:\Windows\SYSTEM32\dbgcore.DLL
0x00007ffcdb300000 - 0x00007ffcdb328000 	C:\Program Files\Java\jdk-11.0.11\bin\java.dll
0x00007ffce1ee0000 - 0x00007ffce1eea000 	C:\Program Files\Java\jdk-11.0.11\bin\jimage.dll
0x00007ffcdb2e0000 - 0x00007ffcdb2f6000 	C:\Program Files\Java\jdk-11.0.11\bin\zip.dll
0x00007ffcedbd0000 - 0x00007ffcee2b7000 	C:\Windows\System32\SHELL32.dll
0x00007ffcef510000 - 0x00007ffcef5b8000 	C:\Windows\System32\shcore.dll
0x00007ffcec760000 - 0x00007ffcecedb000 	C:\Windows\System32\windows.storage.dll
0x00007ffcec530000 - 0x00007ffcec54e000 	C:\Windows\System32\profapi.dll
0x00007ffcec4e0000 - 0x00007ffcec52a000 	C:\Windows\System32\powrprof.dll
0x00007ffcec4b0000 - 0x00007ffcec4c0000 	C:\Windows\System32\UMPDC.dll
0x00007ffcef060000 - 0x00007ffcef0b2000 	C:\Windows\System32\shlwapi.dll
0x00007ffced190000 - 0x00007ffced1a7000 	C:\Windows\System32\cryptsp.dll
0x00007ffcdb2c0000 - 0x00007ffcdb2d9000 	C:\Program Files\Java\jdk-11.0.11\bin\net.dll
0x00007ffce1f60000 - 0x00007ffce205a000 	C:\Windows\SYSTEM32\WINHTTP.dll
0x00007ffcebca0000 - 0x00007ffcebd07000 	C:\Windows\system32\mswsock.dll
0x00007ffcdb2a0000 - 0x00007ffcdb2b2000 	C:\Program Files\Java\jdk-11.0.11\bin\nio.dll
0x00007ffcdd790000 - 0x00007ffcdd7b7000 	C:\Users\Usuario\.gradle\native\e1d6ef7f7dcc3fd88c89a11ec53ec762bb8ba0a96d01ffa2cd45eb1d1d8dd5c5\windows-amd64\native-platform.dll
0x00007ffca4390000 - 0x00007ffca44d4000 	C:\Users\Usuario\.gradle\native\5664cfc778a61ccfe75a443a1ab52a65af34e5dc3c78e0209fed803814484fcb\windows-amd64\native-platform-file-events.dll
0x00007ffce1d10000 - 0x00007ffce1d19000 	C:\Program Files\Java\jdk-11.0.11\bin\management.dll
0x00007ffce18b0000 - 0x00007ffce18bb000 	C:\Program Files\Java\jdk-11.0.11\bin\management_ext.dll
0x00007ffceb7d0000 - 0x00007ffceb803000 	C:\Windows\system32\rsaenh.dll
0x00007ffcec6a0000 - 0x00007ffcec6c6000 	C:\Windows\System32\bcrypt.dll
0x00007ffcec3a0000 - 0x00007ffcec3c5000 	C:\Windows\SYSTEM32\USERENV.dll
0x00007ffcebe20000 - 0x00007ffcebe2c000 	C:\Windows\SYSTEM32\CRYPTBASE.dll
0x00007ffceb960000 - 0x00007ffceb99a000 	C:\Windows\SYSTEM32\IPHLPAPI.DLL
0x00007ffced910000 - 0x00007ffced918000 	C:\Windows\System32\NSI.dll
0x00007ffce5050000 - 0x00007ffce5066000 	C:\Windows\SYSTEM32\dhcpcsvc6.DLL
0x00007ffce5030000 - 0x00007ffce504c000 	C:\Windows\SYSTEM32\dhcpcsvc.DLL
0x00007ffceb9a0000 - 0x00007ffceba6b000 	C:\Windows\SYSTEM32\DNSAPI.dll

dbghelp: loaded successfully - version: 4.0.5 - missing functions: none
symbol engine: initialized successfully - sym options: 0x614 - pdb path: .;C:\Program Files\Java\jdk-11.0.11\bin;C:\Windows\SYSTEM32;C:\Windows\WinSxS\amd64_microsoft.windows.common-controls_6595b64144ccf1df_6.0.18362.1556_none_9e7e372fe45e41d5;C:\Program Files\Java\jdk-11.0.11\bin\server;C:\Users\Usuario\.gradle\native\e1d6ef7f7dcc3fd88c89a11ec53ec762bb8ba0a96d01ffa2cd45eb1d1d8dd5c5\windows-amd64;C:\Users\Usuario\.gradle\native\5664cfc778a61ccfe75a443a1ab52a65af34e5dc3c78e0209fed803814484fcb\windows-amd64

VM Arguments:
jvm_args: -XX:MaxMetaspaceSize=256m -XX:+HeapDumpOnOutOfMemoryError --add-opens=java.base/java.util=ALL-UNNAMED --add-opens=java.base/java.lang=ALL-UNNAMED --add-opens=java.base/java.lang.invoke=ALL-UNNAMED --add-opens=java.base/java.util=ALL-UNNAMED --add-opens=java.prefs/java.util.prefs=ALL-UNNAMED --add-opens=java.prefs/java.util.prefs=ALL-UNNAMED --add-opens=java.base/java.nio.charset=ALL-UNNAMED --add-opens=java.base/java.net=ALL-UNNAMED --add-opens=java.base/java.util.concurrent.atomic=ALL-UNNAMED -Xms256m -Xmx512m -Dfile.encoding=windows-1252 -Duser.country=BR -Duser.language=pt -Duser.variant 
java_command: org.gradle.launcher.daemon.bootstrap.GradleDaemon 7.2
java_class_path (initial): C:\Users\Usuario\.gradle\wrapper\dists\gradle-7.2-bin\2dnblmf4td7x66yl1d74lt32g\gradle-7.2\lib\gradle-launcher-7.2.jar
Launcher Type: SUN_STANDARD

[Global flags]
     intx CICompilerCount                          = 3                                         {product} {ergonomic}
   size_t CompressedClassSpaceSize                 = 260046848                                 {product} {ergonomic}
     uint ConcGCThreads                            = 1                                         {product} {ergonomic}
     uint G1ConcRefinementThreads                  = 4                                         {product} {ergonomic}
   size_t G1HeapRegionSize                         = 1048576                                   {product} {ergonomic}
    uintx GCDrainStackTargetSize                   = 64                                        {product} {ergonomic}
     bool HeapDumpOnOutOfMemoryError               = true                                   {manageable} {command line}
   size_t InitialHeapSize                          = 268435456                                 {product} {command line}
   size_t MarkStackSize                            = 4194304                                   {product} {ergonomic}
   size_t MaxHeapSize                              = 536870912                                 {product} {command line}
   size_t MaxMetaspaceSize                         = 268435456                                 {product} {command line}
   size_t MaxNewSize                               = 321912832                                 {product} {ergonomic}
   size_t MinHeapDeltaBytes                        = 1048576                                   {product} {ergonomic}
    uintx NonNMethodCodeHeapSize                   = 5830732                                {pd product} {ergonomic}
    uintx NonProfiledCodeHeapSize                  = 122913754                              {pd product} {ergonomic}
    uintx ProfiledCodeHeapSize                     = 122913754                              {pd product} {ergonomic}
    uintx ReservedCodeCacheSize                    = 251658240                              {pd product} {ergonomic}
     bool SegmentedCodeCache                       = true                                      {product} {ergonomic}
     bool UseCompressedClassPointers               = true                                 {lp64_product} {ergonomic}
     bool UseCompressedOops                        = true                                 {lp64_product} {ergonomic}
     bool UseG1GC                                  = true                                      {product} {ergonomic}
     bool UseLargePagesIndividualAllocation        = false                                  {pd product} {ergonomic}

Logging:
Log output configuration:
 #0: stdout all=warning uptime,level,tags
 #1: stderr all=off uptime,level,tags

Environment Variables:
JAVA_HOME=C:\Program Files\Java\jdk-11.0.11
CLASSPATH= ;C:\Program Files\Java\jdk-11.0.11\lib;C:\Program Files\Java\jdk-11.0.11\lib\tools.jar;C:\Program Files\Java\jdk-11.0.11\lib\dt.jar;C:\Program Files\Java\jdk-11.0.11\lib\htmlconverter.jar;C:\Program Files\Java\jdk-11.0.11\jre\lib;C:\Program Files\Java\jdk-11.0.11\jre\lib\rt.jar;
PATH=C:\Python39\Scripts\;C:\Python39\;C:\Program Files\Java\jdk-11.0.11\bin;C:\Program Files\Docker\Docker\resources\bin;C:\ProgramData\DockerDesktop\version-bin;C:\Program Files\Redis\;C:\Program Files\nodejs\;C:\ProgramData\chocolatey\bin;C:\Program Files\Microsoft SQL Server\Client SDK\ODBC\170\Tools\Binn\;C:\Program Files (x86)\Microsoft SQL Server\150\Tools\Binn\;C:\Program Files\Microsoft SQL Server\150\Tools\Binn\;C:\Program Files\Microsoft SQL Server\150\DTS\Binn\;C:\Program Files (x86)\Microsoft SQL Server\150\DTS\Binn\;C:\Program Files\Azure Data Studio\bin;C:\Program Files\MySQL\MySQL Shell 8.0\bin\;C:\Users\Usuario\AppData\Local\Microsoft\WindowsApps;C:\Program Files\PostgreSQL\13\bin;C:\Users\Usuario\Desktop\DIO Santander\JAVA\Maven\apache-maven-3.8.1\bin;C:\Users\Usuario\Desktop\DIO Santander\JAVA\Gradle\gradle-7.1\bin;C:\Program Files\7-Zip;C:\Users\Usuario\AppData\Roaming\npm;C:\Users\Usuario\AppData\Local\Programs\Microsoft VS Code\bin;C:\Users\Usuario\AppData\Local\GitHubDesktop\bin;C:\Program Files\Azure Data Studio\bin
USERNAME=Usuario
OS=Windows_NT
PROCESSOR_IDENTIFIER=Intel64 Family 6 Model 58 Stepping 9, GenuineIntel



---------------  S Y S T E M  ---------------

OS: Windows 10 , 64 bit Build 18362 (10.0.18362.1500)
Hyper-V role detected

CPU:total 4 (initial active 4) (2 cores per cpu, 2 threads per core) family 6 model 58 stepping 9 microcode 0x21, cmov, cx8, fxsr, mmx, sse, sse2, sse3, ssse3, sse4.1, sse4.2, popcnt, avx, clmul, erms, ht, tsc, tscinvbit, tscinv

Memory: 4k page, system-wide physical 7893M (283M free)
TotalPageFile size 11985M (AvailPageFile size 4M)
current process WorkingSet (physical memory assigned to process): 368M, peak: 368M
current process commit charge ("private bytes"): 442M, peak: 444M

vm_info: Java HotSpot(TM) 64-Bit Server VM (11.0.11+9-LTS-194) for windows-amd64 JRE (11.0.11+9-LTS-194), built on Mar 18 2021 18:46:53 by "mach5one" with MS VC++ 15.9 (VS2017)

END.
