#
# There is insufficient memory for the Java Runtime Environment to continue.
# Native memory allocation (malloc) failed to allocate 1733456 bytes for Chunk::new
# Possible reasons:
#   The system is out of physical RAM or swap space
#   The process is running with CompressedOops enabled, and the Java Heap may be blocking the growth of the native heap
# Possible solutions:
#   Reduce memory load on the system
#   Increase physical memory or swap space
#   Check if swap backing store is full
#   Decrease Java heap size (-Xmx/-Xms)
#   Decrease number of Java threads
#   Decrease Java thread stack sizes (-Xss)
#   Set larger code cache with -XX:ReservedCodeCacheSize=
#   JVM is running with Unscaled Compressed Oops mode in which the Java heap is
#     placed in the first 4GB address space. The Java Heap base address is the
#     maximum limit for the native heap growth. Please use -XX:HeapBaseMinAddress
#     to set the Java Heap base and to place the Java Heap above 4GB virtual address.
# This output file may be truncated or incomplete.
#
#  Out of Memory Error (./open/src/hotspot/share/memory/arena.cpp:197), pid=13864, tid=9396
#
# JRE version: Java(TM) SE Runtime Environment 18.9 (11.0.11+9) (build 11.0.11+9-LTS-194)
# Java VM: Java HotSpot(TM) 64-Bit Server VM 18.9 (11.0.11+9-LTS-194, mixed mode, tiered, compressed oops, g1 gc, windows-amd64)
# No core dump will be written. Minidumps are not enabled by default on client versions of Windows
#

---------------  S U M M A R Y ------------

Command Line: -XX:MaxMetaspaceSize=256m -XX:+HeapDumpOnOutOfMemoryError --add-opens=java.base/java.util=ALL-UNNAMED --add-opens=java.base/java.lang=ALL-UNNAMED --add-opens=java.base/java.lang.invoke=ALL-UNNAMED --add-opens=java.base/java.util=ALL-UNNAMED --add-opens=java.prefs/java.util.prefs=ALL-UNNAMED --add-opens=java.prefs/java.util.prefs=ALL-UNNAMED --add-opens=java.base/java.nio.charset=ALL-UNNAMED --add-opens=java.base/java.net=ALL-UNNAMED --add-opens=java.base/java.util.concurrent.atomic=ALL-UNNAMED -Xms256m -Xmx512m -Dfile.encoding=windows-1252 -Duser.country=BR -Duser.language=pt -Duser.variant org.gradle.launcher.daemon.bootstrap.GradleDaemon 7.2

Host: Intel(R) Core(TM) i7-3517U CPU @ 1.90GHz, 4 cores, 7G,  Windows 10 , 64 bit Build 18362 (10.0.18362.1500)
Time: Wed Sep 29 09:38:13 2021 Hora oficial do Brasil elapsed time: 2307.969657 seconds (0d 0h 38m 27s)

---------------  T H R E A D  ---------------

Current thread (0x00000284688eb800):  JavaThread "C2 CompilerThread0" daemon [_thread_in_native, id=9396, stack(0x000000d9ec500000,0x000000d9ec600000)]


Current CompileTask:
C2:2307970 16085       4       org.gradle.launcher.daemon.server.health.gc.GarbageCollectionCheck::run (198 bytes)

Stack: [0x000000d9ec500000,0x000000d9ec600000]
Native frames: (J=compiled Java code, j=interpreted, Vv=VM code, C=native code)
V  [jvm.dll+0x616f2a]
V  [jvm.dll+0x74de7f]
V  [jvm.dll+0x74f505]
V  [jvm.dll+0x74fb83]
V  [jvm.dll+0x2436d8]
V  [jvm.dll+0xba68c]
V  [jvm.dll+0xbad8c]
V  [jvm.dll+0x346272]
V  [jvm.dll+0x3140c3]
V  [jvm.dll+0x31340a]
V  [jvm.dll+0x1fd045]
V  [jvm.dll+0x1fc22f]
V  [jvm.dll+0x17f0bc]
V  [jvm.dll+0x20b68c]
V  [jvm.dll+0x20978b]
V  [jvm.dll+0x7152c9]
V  [jvm.dll+0x70dfc4]
V  [jvm.dll+0x6160f6]
C  [ucrtbase.dll+0x210b2]
C  [KERNEL32.DLL+0x17c24]
C  [ntdll.dll+0x6d721]


---------------  P R O C E S S  ---------------

Threads class SMR info:
_java_thread_list=0x0000028471b2d080, length=86, elements={
0x000002844d2be800, 0x0000028467f6c000, 0x0000028467f7a800, 0x00000284688e8800,
0x00000284688ea000, 0x00000284688eb800, 0x00000284688ed800, 0x00000284688f3000,
0x0000028468a4e000, 0x0000028468a7d000, 0x000002846b49a800, 0x00000284691c7800,
0x000002846b470000, 0x000002846aee6800, 0x000002846aee5000, 0x000002846aee5800,
0x000002846aee8000, 0x000002846aee7800, 0x000002846aee9000, 0x000002846aeea000,
0x000002846aee4000, 0x000002846afcd000, 0x000002846afd0000, 0x000002846afd1000,
0x000002846aa0f000, 0x0000028471acd800, 0x000002846f706800, 0x000002846f704000,
0x000002846f702800, 0x000002846f707800, 0x000002846f705000, 0x000002846f703800,
0x000002846f701800, 0x000002846f70e000, 0x000002846f70d000, 0x000002846f70b800,
0x000002846f70c800, 0x000002846f708000, 0x000002846f709000, 0x000002846f70f800,
0x000002846f710800, 0x000002846f70a800, 0x000002846aa05000, 0x000002846aa02800,
0x000002846aa03800, 0x000002846aa06000, 0x000002846aa06800, 0x000002846aa08800,
0x000002846aa07800, 0x000002846aa09000, 0x000002846aa0a000, 0x000002846aa04800,
0x000002846aa0b000, 0x000002846aa0c800, 0x000002846aa0f800, 0x000002846aa0e000,
0x000002846aa0d000, 0x000002846aa10800, 0x000002846aa11800, 0x0000028471ac4800,
0x0000028471ac0800, 0x0000028471ac5000, 0x0000028471ac6000, 0x0000028471ac2800,
0x0000028471ac1000, 0x0000028471ac3800, 0x0000028471ac7800, 0x0000028471ac2000,
0x0000028471ac7000, 0x0000028471ace000, 0x0000028471acb000, 0x0000028471acb800,
0x0000028471aca000, 0x0000028471acc800, 0x0000028471ac9800, 0x0000028471ac8800,
0x0000028471acf000, 0x000002846afcc000, 0x000002846afcd800, 0x000002846afd2800,
0x000002846afd3800, 0x000002846afce800, 0x000002846afd5000, 0x000002846afcf800,
0x000002846afd8800, 0x000002846afd9000
}

Java Threads: ( => current thread )
  0x000002844d2be800 JavaThread "main" [_thread_blocked, id=11872, stack(0x000000d9eba00000,0x000000d9ebb00000)]
  0x0000028467f6c000 JavaThread "Reference Handler" daemon [_thread_blocked, id=8228, stack(0x000000d9ec100000,0x000000d9ec200000)]
  0x0000028467f7a800 JavaThread "Finalizer" daemon [_thread_blocked, id=14328, stack(0x000000d9ec200000,0x000000d9ec300000)]
  0x00000284688e8800 JavaThread "Signal Dispatcher" daemon [_thread_blocked, id=13780, stack(0x000000d9ec300000,0x000000d9ec400000)]
  0x00000284688ea000 JavaThread "Attach Listener" daemon [_thread_blocked, id=13752, stack(0x000000d9ec400000,0x000000d9ec500000)]
=>0x00000284688eb800 JavaThread "C2 CompilerThread0" daemon [_thread_in_native, id=9396, stack(0x000000d9ec500000,0x000000d9ec600000)]
  0x00000284688ed800 JavaThread "C1 CompilerThread0" daemon [_thread_blocked, id=13592, stack(0x000000d9ec600000,0x000000d9ec700000)]
  0x00000284688f3000 JavaThread "Sweeper thread" daemon [_thread_blocked, id=12800, stack(0x000000d9ec700000,0x000000d9ec800000)]
  0x0000028468a4e000 JavaThread "Common-Cleaner" daemon [_thread_blocked, id=12664, stack(0x000000d9ec800000,0x000000d9ec900000)]
  0x0000028468a7d000 JavaThread "Service Thread" daemon [_thread_blocked, id=10668, stack(0x000000d9ec900000,0x000000d9eca00000)]
  0x000002846b49a800 JavaThread "Daemon health stats" [_thread_blocked, id=14308, stack(0x000000d9ecf00000,0x000000d9ed000000)]
  0x00000284691c7800 JavaThread "Incoming local TCP Connector on port 59925" [_thread_in_native, id=8980, stack(0x000000d9ecb00000,0x000000d9ecc00000)]
  0x000002846b470000 JavaThread "Daemon periodic checks" [_thread_blocked, id=13608, stack(0x000000d9ed000000,0x000000d9ed100000)]
  0x000002846aee6800 JavaThread "Cache worker for journal cache (C:\Users\Usuario\.gradle\caches\journal-1)" [_thread_blocked, id=10996, stack(0x000000d9ed800000,0x000000d9ed900000)]
  0x000002846aee5000 JavaThread "File lock request listener" [_thread_in_native, id=13020, stack(0x000000d9ed900000,0x000000d9eda00000)]
  0x000002846aee5800 JavaThread "Cache worker for file hash cache (C:\Users\Usuario\.gradle\caches\7.2\fileHashes)" [_thread_blocked, id=2212, stack(0x000000d9eda00000,0x000000d9edb00000)]
  0x000002846aee8000 JavaThread "File watcher server" daemon [_thread_in_native, id=8928, stack(0x000000d9edd00000,0x000000d9ede00000)]
  0x000002846aee7800 JavaThread "File watcher consumer" daemon [_thread_blocked, id=13408, stack(0x000000d9ede00000,0x000000d9edf00000)]
  0x000002846aee9000 JavaThread "jar transforms" [_thread_blocked, id=14084, stack(0x000000d9edf00000,0x000000d9ee000000)]
  0x000002846aeea000 JavaThread "jar transforms Thread 2" [_thread_blocked, id=11592, stack(0x000000d9ee000000,0x000000d9ee100000)]
  0x000002846aee4000 JavaThread "jar transforms Thread 3" [_thread_blocked, id=3016, stack(0x000000d9ee100000,0x000000d9ee200000)]
  0x000002846afcd000 JavaThread "jar transforms Thread 4" [_thread_blocked, id=3616, stack(0x000000d9ee200000,0x000000d9ee300000)]
  0x000002846afd0000 JavaThread "Cache worker for execution history cache (C:\Users\Usuario\.gradle\caches\7.2\executionHistory)" [_thread_blocked, id=11868, stack(0x000000d9ee400000,0x000000d9ee500000)]
  0x000002846afd1000 JavaThread "Cache worker for file content cache (C:\Users\Usuario\.gradle\caches\7.2\fileContent)" [_thread_blocked, id=7680, stack(0x000000d9ee700000,0x000000d9ee800000)]
  0x000002846aa0f000 JavaThread "Memory manager" [_thread_blocked, id=8792, stack(0x000000d9efe00000,0x000000d9eff00000)]
  0x0000028471acd800 JavaThread "Cache worker for Java compile cache (C:\Users\Usuario\.gradle\caches\7.2\javaCompile)" [_thread_blocked, id=10440, stack(0x000000d9f1800000,0x000000d9f1900000)]
  0x000002846f706800 JavaThread "Daemon Thread 2" [_thread_blocked, id=13324, stack(0x000000d9eb700000,0x000000d9eb800000)]
  0x000002846f704000 JavaThread "Handler for socket connection from /127.0.0.1:59925 to /127.0.0.1:55181" [_thread_in_native, id=3424, stack(0x000000d9eb800000,0x000000d9eb900000)]
  0x000002846f702800 JavaThread "Cancel handler" [_thread_blocked, id=10576, stack(0x000000d9eb900000,0x000000d9eba00000)]
  0x000002846f707800 JavaThread "Daemon worker Thread 2" [_thread_blocked, id=6712, stack(0x000000d9ed100000,0x000000d9ed200000)]
  0x000002846f705000 JavaThread "Asynchronous log dispatcher for DefaultDaemonConnection: socket connection from /127.0.0.1:59925 to /127.0.0.1:55181" [_thread_blocked, id=8188, stack(0x000000d9ed200000,0x000000d9ed300000)]
  0x000002846f703800 JavaThread "Stdin handler" [_thread_blocked, id=12776, stack(0x000000d9ed300000,0x000000d9ed400000)]
  0x000002846f701800 JavaThread "Daemon client event forwarder" [_thread_blocked, id=12772, stack(0x000000d9ed400000,0x000000d9ed500000)]
  0x000002846f70e000 JavaThread "Cache worker for file hash cache (C:\Users\Usuario\Desktop\DIO Capgemini\Microsserviços\product-catalog\.gradle\7.2\fileHashes)" [_thread_blocked, id=13180, stack(0x000000d9ed500000,0x000000d9ed600000)]
  0x000002846f70d000 JavaThread "Cache worker for checksums cache (C:\Users\Usuario\Desktop\DIO Capgemini\Microsserviços\product-catalog\.gradle\checksums)" [_thread_blocked, id=13480, stack(0x000000d9ed600000,0x000000d9ed700000)]
  0x000002846f70b800 JavaThread "Cache worker for cache directory md-supplier (C:\Users\Usuario\.gradle\caches\7.2\md-supplier)" [_thread_blocked, id=3988, stack(0x000000d9ed700000,0x000000d9ed800000)]
  0x000002846f70c800 JavaThread "Cache worker for cache directory md-rule (C:\Users\Usuario\.gradle\caches\7.2\md-rule)" [_thread_blocked, id=4300, stack(0x000000d9edb00000,0x000000d9edc00000)]
  0x000002846f708000 JavaThread "Cache worker for dependencies-accessors (C:\Users\Usuario\Desktop\DIO Capgemini\Microsserviços\product-catalog\.gradle\7.2\dependencies-accessors)" [_thread_blocked, id=4292, stack(0x000000d9edc00000,0x000000d9edd00000)]
  0x000002846f709000 JavaThread "Cache worker for Build Output Cleanup Cache (C:\Users\Usuario\Desktop\DIO Capgemini\Microsserviços\product-catalog\.gradle\buildOutputCleanup)" [_thread_blocked, id=6780, stack(0x000000d9ee500000,0x000000d9ee600000)]
  0x000002846f70f800 JavaThread "Unconstrained build operations" [_thread_blocked, id=13660, stack(0x000000d9ee800000,0x000000d9ee900000)]
  0x000002846f710800 JavaThread "Unconstrained build operations Thread 2" [_thread_blocked, id=11964, stack(0x000000d9ee900000,0x000000d9eea00000)]
  0x000002846f70a800 JavaThread "Unconstrained build operations Thread 3" [_thread_blocked, id=11660, stack(0x000000d9eea00000,0x000000d9eeb00000)]
  0x000002846aa05000 JavaThread "Unconstrained build operations Thread 4" [_thread_blocked, id=7968, stack(0x000000d9eeb00000,0x000000d9eec00000)]
  0x000002846aa02800 JavaThread "Unconstrained build operations Thread 5" [_thread_blocked, id=13264, stack(0x000000d9eec00000,0x000000d9eed00000)]
  0x000002846aa03800 JavaThread "Unconstrained build operations Thread 6" [_thread_blocked, id=14064, stack(0x000000d9eed00000,0x000000d9eee00000)]
  0x000002846aa06000 JavaThread "Unconstrained build operations Thread 7" [_thread_blocked, id=12020, stack(0x000000d9eee00000,0x000000d9eef00000)]
  0x000002846aa06800 JavaThread "Unconstrained build operations Thread 8" [_thread_blocked, id=12988, stack(0x000000d9eef00000,0x000000d9ef000000)]
  0x000002846aa08800 JavaThread "Unconstrained build operations Thread 9" [_thread_blocked, id=14176, stack(0x000000d9ef000000,0x000000d9ef100000)]
  0x000002846aa07800 JavaThread "Unconstrained build operations Thread 10" [_thread_blocked, id=7916, stack(0x000000d9ef100000,0x000000d9ef200000)]
  0x000002846aa09000 JavaThread "Unconstrained build operations Thread 11" [_thread_blocked, id=10340, stack(0x000000d9ef200000,0x000000d9ef300000)]
  0x000002846aa0a000 JavaThread "Unconstrained build operations Thread 12" [_thread_blocked, id=13588, stack(0x000000d9ef300000,0x000000d9ef400000)]
  0x000002846aa04800 JavaThread "Unconstrained build operations Thread 13" [_thread_blocked, id=11652, stack(0x000000d9ef400000,0x000000d9ef500000)]
  0x000002846aa0b000 JavaThread "Unconstrained build operations Thread 14" [_thread_blocked, id=5408, stack(0x000000d9ef500000,0x000000d9ef600000)]
  0x000002846aa0c800 JavaThread "Unconstrained build operations Thread 15" [_thread_blocked, id=12844, stack(0x000000d9ef600000,0x000000d9ef700000)]
  0x000002846aa0f800 JavaThread "Unconstrained build operations Thread 16" [_thread_blocked, id=11140, stack(0x000000d9ef700000,0x000000d9ef800000)]
  0x000002846aa0e000 JavaThread "Unconstrained build operations Thread 17" [_thread_blocked, id=12908, stack(0x000000d9ef800000,0x000000d9ef900000)]
  0x000002846aa0d000 JavaThread "Unconstrained build operations Thread 18" [_thread_blocked, id=14012, stack(0x000000d9ef900000,0x000000d9efa00000)]
  0x000002846aa10800 JavaThread "Unconstrained build operations Thread 19" [_thread_blocked, id=7312, stack(0x000000d9efa00000,0x000000d9efb00000)]
  0x000002846aa11800 JavaThread "Unconstrained build operations Thread 20" [_thread_blocked, id=13204, stack(0x000000d9efb00000,0x000000d9efc00000)]
  0x0000028471ac4800 JavaThread "Execution worker for ':'" [_thread_blocked, id=11368, stack(0x000000d9efc00000,0x000000d9efd00000)]
  0x0000028471ac0800 JavaThread "Execution worker for ':' Thread 2" [_thread_blocked, id=10328, stack(0x000000d9efd00000,0x000000d9efe00000)]
  0x0000028471ac5000 JavaThread "Execution worker for ':' Thread 3" [_thread_blocked, id=12660, stack(0x000000d9eff00000,0x000000d9f0000000)]
  0x0000028471ac6000 JavaThread "Cache worker for execution history cache (C:\Users\Usuario\Desktop\DIO Capgemini\Microsserviços\product-catalog\.gradle\7.2\executionHistory)" [_thread_blocked, id=9192, stack(0x000000d9f0000000,0x000000d9f0100000)]
  0x0000028471ac2800 JavaThread "Unconstrained build operations Thread 21" [_thread_blocked, id=13084, stack(0x000000d9f0100000,0x000000d9f0200000)]
  0x0000028471ac1000 JavaThread "Unconstrained build operations Thread 22" [_thread_blocked, id=13796, stack(0x000000d9f0200000,0x000000d9f0300000)]
  0x0000028471ac3800 JavaThread "Unconstrained build operations Thread 23" [_thread_blocked, id=11408, stack(0x000000d9f0300000,0x000000d9f0400000)]
  0x0000028471ac7800 JavaThread "Unconstrained build operations Thread 24" [_thread_blocked, id=12868, stack(0x000000d9f0400000,0x000000d9f0500000)]
  0x0000028471ac2000 JavaThread "Unconstrained build operations Thread 25" [_thread_blocked, id=14208, stack(0x000000d9f0500000,0x000000d9f0600000)]
  0x0000028471ac7000 JavaThread "Unconstrained build operations Thread 26" [_thread_blocked, id=6204, stack(0x000000d9f0600000,0x000000d9f0700000)]
  0x0000028471ace000 JavaThread "Unconstrained build operations Thread 27" [_thread_blocked, id=11708, stack(0x000000d9f0700000,0x000000d9f0800000)]
  0x0000028471acb000 JavaThread "Unconstrained build operations Thread 28" [_thread_blocked, id=2728, stack(0x000000d9f0800000,0x000000d9f0900000)]
  0x0000028471acb800 JavaThread "Unconstrained build operations Thread 29" [_thread_blocked, id=13112, stack(0x000000d9f0900000,0x000000d9f0a00000)]
  0x0000028471aca000 JavaThread "Unconstrained build operations Thread 30" [_thread_blocked, id=13624, stack(0x000000d9f0a00000,0x000000d9f0b00000)]
  0x0000028471acc800 JavaThread "Unconstrained build operations Thread 31" [_thread_blocked, id=9100, stack(0x000000d9f0b00000,0x000000d9f0c00000)]
  0x0000028471ac9800 JavaThread "Unconstrained build operations Thread 32" [_thread_blocked, id=7052, stack(0x000000d9f0c00000,0x000000d9f0d00000)]
  0x0000028471ac8800 JavaThread "Unconstrained build operations Thread 33" [_thread_blocked, id=13260, stack(0x000000d9f0d00000,0x000000d9f0e00000)]
  0x0000028471acf000 JavaThread "Unconstrained build operations Thread 34" [_thread_blocked, id=14332, stack(0x000000d9f0e00000,0x000000d9f0f00000)]
  0x000002846afcc000 JavaThread "Unconstrained build operations Thread 35" [_thread_blocked, id=12728, stack(0x000000d9f0f00000,0x000000d9f1000000)]
  0x000002846afcd800 JavaThread "Unconstrained build operations Thread 36" [_thread_blocked, id=10392, stack(0x000000d9f1000000,0x000000d9f1100000)]
  0x000002846afd2800 JavaThread "Unconstrained build operations Thread 37" [_thread_blocked, id=1644, stack(0x000000d9f1100000,0x000000d9f1200000)]
  0x000002846afd3800 JavaThread "Unconstrained build operations Thread 38" [_thread_blocked, id=14224, stack(0x000000d9f1200000,0x000000d9f1300000)]
  0x000002846afce800 JavaThread "Unconstrained build operations Thread 39" [_thread_blocked, id=11992, stack(0x000000d9f1300000,0x000000d9f1400000)]
  0x000002846afd5000 JavaThread "Unconstrained build operations Thread 40" [_thread_blocked, id=6364, stack(0x000000d9f1600000,0x000000d9f1700000)]
  0x000002846afcf800 JavaThread "Exec process Thread 4" [_thread_in_native, id=13492, stack(0x000000d9f1700000,0x000000d9f1800000)]
  0x000002846afd8800 JavaThread "Exec process Thread 5" [_thread_in_native, id=13256, stack(0x000000d9f1900000,0x000000d9f1a00000)]
  0x000002846afd9000 JavaThread "Exec process Thread 6" [_thread_in_native, id=12760, stack(0x000000d9f1a00000,0x000000d9f1b00000)]

Other Threads:
  0x0000028467f46000 VMThread "VM Thread" [stack: 0x000000d9ec000000,0x000000d9ec100000] [id=12076]
  0x0000028468a8e800 WatcherThread [stack: 0x000000d9eca00000,0x000000d9ecb00000] [id=3656]
  0x000002844d2d4000 GCTaskThread "GC Thread#0" [stack: 0x000000d9ebb00000,0x000000d9ebc00000] [id=10400]
  0x000002846938e000 GCTaskThread "GC Thread#1" [stack: 0x000000d9ecc00000,0x000000d9ecd00000] [id=6884]
  0x000002846938e800 GCTaskThread "GC Thread#2" [stack: 0x000000d9ecd00000,0x000000d9ece00000] [id=6016]
  0x00000284691a1000 GCTaskThread "GC Thread#3" [stack: 0x000000d9ece00000,0x000000d9ecf00000] [id=13124]
  0x000002844d2e1800 ConcurrentGCThread "G1 Main Marker" [stack: 0x000000d9ebc00000,0x000000d9ebd00000] [id=76]
  0x000002844d2e2800 ConcurrentGCThread "G1 Conc#0" [stack: 0x000000d9ebd00000,0x000000d9ebe00000] [id=11680]
  0x000002844d37e000 ConcurrentGCThread "G1 Refine#0" [stack: 0x000000d9ebe00000,0x000000d9ebf00000] [id=11672]
  0x0000028471237800 ConcurrentGCThread "G1 Refine#1" [stack: 0x000000d9ee600000,0x000000d9ee700000] [id=6572]
  0x000002846bb4d000 ConcurrentGCThread "G1 Refine#2" [stack: 0x000000d9f1400000,0x000000d9f1500000] [id=9604]
  0x000002846b239000 ConcurrentGCThread "G1 Refine#3" [stack: 0x000000d9f1500000,0x000000d9f1600000] [id=8392]
  0x0000028467de6800 ConcurrentGCThread "G1 Young RemSet Sampling" [stack: 0x000000d9ebf00000,0x000000d9ec000000] [id=9612]

Threads with active compile tasks:
C2 CompilerThread02308359 16085       4       org.gradle.launcher.daemon.server.health.gc.GarbageCollectionCheck::run (198 bytes)

VM state:not at safepoint (normal execution)

VM Mutex/Monitor currently owned by a thread: None

Heap address: 0x00000000e0000000, size: 512 MB, Compressed Oops mode: 32-bit
Narrow klass base: 0x0000000000000000, Narrow klass shift: 3
Compressed class space size: 260046848 Address: 0x0000000100000000

Heap:
 garbage-first heap   total 262144K, used 136075K [0x00000000e0000000, 0x0000000100000000)
  region size 1024K, 30 young (30720K), 1 survivors (1024K)
 Metaspace       used 89558K, capacity 92021K, committed 99408K, reserved 342016K
  class space    used 11122K, capacity 12048K, committed 13260K, reserved 253952K
Heap Regions: E=young(eden), S=young(survivor), O=old, HS=humongous(starts), HC=humongous(continues), CS=collection set, F=free, A=archive, TAMS=top-at-mark-start (previous, next)
|   0|0x00000000e0000000, 0x00000000e0100000, 0x00000000e0100000|100%| O|  |TAMS 0x00000000e0100000, 0x00000000e0000000| Untracked 
|   1|0x00000000e0100000, 0x00000000e0200000, 0x00000000e0200000|100%| O|  |TAMS 0x00000000e0200000, 0x00000000e0100000| Untracked 
|   2|0x00000000e0200000, 0x00000000e0300000, 0x00000000e0300000|100%| O|  |TAMS 0x00000000e0300000, 0x00000000e0200000| Untracked 
|   3|0x00000000e0300000, 0x00000000e0400000, 0x00000000e0400000|100%|HS|  |TAMS 0x00000000e0400000, 0x00000000e0300000| Complete 
|   4|0x00000000e0400000, 0x00000000e0500000, 0x00000000e0500000|100%|HC|  |TAMS 0x00000000e0500000, 0x00000000e0400000| Complete 
|   5|0x00000000e0500000, 0x00000000e0600000, 0x00000000e0600000|100%|HC|  |TAMS 0x00000000e0600000, 0x00000000e0500000| Complete 
|   6|0x00000000e0600000, 0x00000000e0700000, 0x00000000e0700000|100%| O|  |TAMS 0x00000000e0700000, 0x00000000e0600000| Untracked 
|   7|0x00000000e0700000, 0x00000000e0800000, 0x00000000e0800000|100%| O|  |TAMS 0x00000000e0800000, 0x00000000e0700000| Untracked 
|   8|0x00000000e0800000, 0x00000000e0900000, 0x00000000e0900000|100%| O|  |TAMS 0x00000000e0900000, 0x00000000e0800000| Untracked 
|   9|0x00000000e0900000, 0x00000000e0a00000, 0x00000000e0a00000|100%| O|  |TAMS 0x00000000e0a00000, 0x00000000e0900000| Untracked 
|  10|0x00000000e0a00000, 0x00000000e0b00000, 0x00000000e0b00000|100%| O|  |TAMS 0x00000000e0b00000, 0x00000000e0a00000| Untracked 
|  11|0x00000000e0b00000, 0x00000000e0c00000, 0x00000000e0c00000|100%| O|  |TAMS 0x00000000e0c00000, 0x00000000e0b00000| Untracked 
|  12|0x00000000e0c00000, 0x00000000e0d00000, 0x00000000e0d00000|100%| O|  |TAMS 0x00000000e0d00000, 0x00000000e0c00000| Untracked 
|  13|0x00000000e0d00000, 0x00000000e0e00000, 0x00000000e0e00000|100%| O|  |TAMS 0x00000000e0e00000, 0x00000000e0d00000| Untracked 
|  14|0x00000000e0e00000, 0x00000000e0f00000, 0x00000000e0f00000|100%| O|  |TAMS 0x00000000e0f00000, 0x00000000e0e00000| Untracked 
|  15|0x00000000e0f00000, 0x00000000e1000000, 0x00000000e1000000|100%| O|  |TAMS 0x00000000e1000000, 0x00000000e0f00000| Untracked 
|  16|0x00000000e1000000, 0x00000000e1100000, 0x00000000e1100000|100%| O|  |TAMS 0x00000000e1100000, 0x00000000e1000000| Untracked 
|  17|0x00000000e1100000, 0x00000000e1200000, 0x00000000e1200000|100%| O|  |TAMS 0x00000000e1200000, 0x00000000e1100000| Untracked 
|  18|0x00000000e1200000, 0x00000000e1300000, 0x00000000e1300000|100%| O|  |TAMS 0x00000000e1300000, 0x00000000e1200000| Untracked 
|  19|0x00000000e1300000, 0x00000000e1400000, 0x00000000e1400000|100%| O|  |TAMS 0x00000000e1400000, 0x00000000e1300000| Untracked 
|  20|0x00000000e1400000, 0x00000000e1500000, 0x00000000e1500000|100%| O|  |TAMS 0x00000000e1500000, 0x00000000e1400000| Untracked 
|  21|0x00000000e1500000, 0x00000000e1600000, 0x00000000e1600000|100%| O|  |TAMS 0x00000000e1600000, 0x00000000e1500000| Untracked 
|  22|0x00000000e1600000, 0x00000000e1700000, 0x00000000e1700000|100%| O|  |TAMS 0x00000000e1700000, 0x00000000e1600000| Untracked 
|  23|0x00000000e1700000, 0x00000000e1800000, 0x00000000e1800000|100%| O|  |TAMS 0x00000000e1800000, 0x00000000e1700000| Untracked 
|  24|0x00000000e1800000, 0x00000000e1900000, 0x00000000e1900000|100%| O|  |TAMS 0x00000000e1900000, 0x00000000e1800000| Untracked 
|  25|0x00000000e1900000, 0x00000000e1a00000, 0x00000000e1a00000|100%| O|  |TAMS 0x00000000e1a00000, 0x00000000e1900000| Untracked 
|  26|0x00000000e1a00000, 0x00000000e1b00000, 0x00000000e1b00000|100%| O|  |TAMS 0x00000000e1b00000, 0x00000000e1a00000| Untracked 
|  27|0x00000000e1b00000, 0x00000000e1c00000, 0x00000000e1c00000|100%| O|  |TAMS 0x00000000e1c00000, 0x00000000e1b00000| Untracked 
|  28|0x00000000e1c00000, 0x00000000e1d00000, 0x00000000e1d00000|100%| O|  |TAMS 0x00000000e1d00000, 0x00000000e1c00000| Untracked 
|  29|0x00000000e1d00000, 0x00000000e1e00000, 0x00000000e1e00000|100%| O|  |TAMS 0x00000000e1e00000, 0x00000000e1d00000| Untracked 
|  30|0x00000000e1e00000, 0x00000000e1f00000, 0x00000000e1f00000|100%| O|  |TAMS 0x00000000e1f00000, 0x00000000e1e00000| Untracked 
|  31|0x00000000e1f00000, 0x00000000e2000000, 0x00000000e2000000|100%| O|  |TAMS 0x00000000e2000000, 0x00000000e1f00000| Untracked 
|  32|0x00000000e2000000, 0x00000000e2100000, 0x00000000e2100000|100%| O|  |TAMS 0x00000000e2100000, 0x00000000e2000000| Untracked 
|  33|0x00000000e2100000, 0x00000000e2200000, 0x00000000e2200000|100%| O|  |TAMS 0x00000000e2200000, 0x00000000e2100000| Untracked 
|  34|0x00000000e2200000, 0x00000000e2300000, 0x00000000e2300000|100%| O|  |TAMS 0x00000000e2300000, 0x00000000e2200000| Untracked 
|  35|0x00000000e2300000, 0x00000000e2400000, 0x00000000e2400000|100%| O|  |TAMS 0x00000000e2400000, 0x00000000e2300000| Untracked 
|  36|0x00000000e2400000, 0x00000000e2500000, 0x00000000e2500000|100%| O|  |TAMS 0x00000000e2500000, 0x00000000e2400000| Untracked 
|  37|0x00000000e2500000, 0x00000000e2600000, 0x00000000e2600000|100%| O|  |TAMS 0x00000000e2600000, 0x00000000e2500000| Untracked 
|  38|0x00000000e2600000, 0x00000000e2700000, 0x00000000e2700000|100%|HS|  |TAMS 0x00000000e2700000, 0x00000000e2600000| Complete 
|  39|0x00000000e2700000, 0x00000000e2800000, 0x00000000e2800000|100%|HC|  |TAMS 0x00000000e2800000, 0x00000000e2700000| Complete 
|  40|0x00000000e2800000, 0x00000000e2900000, 0x00000000e2900000|100%|HC|  |TAMS 0x00000000e2900000, 0x00000000e2800000| Complete 
|  41|0x00000000e2900000, 0x00000000e2a00000, 0x00000000e2a00000|100%|HC|  |TAMS 0x00000000e2a00000, 0x00000000e2900000| Complete 
|  42|0x00000000e2a00000, 0x00000000e2b00000, 0x00000000e2b00000|100%| O|  |TAMS 0x00000000e2b00000, 0x00000000e2a00000| Untracked 
|  43|0x00000000e2b00000, 0x00000000e2b00000, 0x00000000e2c00000|  0%| F|  |TAMS 0x00000000e2b00000, 0x00000000e2b00000| Untracked 
|  44|0x00000000e2c00000, 0x00000000e2cfd200, 0x00000000e2d00000| 98%| O|  |TAMS 0x00000000e2c00000, 0x00000000e2c00000| Untracked 
|  45|0x00000000e2d00000, 0x00000000e2d00000, 0x00000000e2e00000|  0%| F|  |TAMS 0x00000000e2d00000, 0x00000000e2d00000| Untracked 
|  46|0x00000000e2e00000, 0x00000000e2e00000, 0x00000000e2f00000|  0%| F|  |TAMS 0x00000000e2e00000, 0x00000000e2e00000| Untracked 
|  47|0x00000000e2f00000, 0x00000000e2f00000, 0x00000000e3000000|  0%| F|  |TAMS 0x00000000e2f00000, 0x00000000e2f00000| Untracked 
|  48|0x00000000e3000000, 0x00000000e3100000, 0x00000000e3100000|100%| O|  |TAMS 0x00000000e3100000, 0x00000000e3000000| Untracked 
|  49|0x00000000e3100000, 0x00000000e3200000, 0x00000000e3200000|100%| O|  |TAMS 0x00000000e3200000, 0x00000000e3100000| Untracked 
|  50|0x00000000e3200000, 0x00000000e3300000, 0x00000000e3300000|100%| O|  |TAMS 0x00000000e3300000, 0x00000000e3200000| Untracked 
|  51|0x00000000e3300000, 0x00000000e3400000, 0x00000000e3400000|100%| O|  |TAMS 0x00000000e3400000, 0x00000000e3300000| Untracked 
|  52|0x00000000e3400000, 0x00000000e3500000, 0x00000000e3500000|100%| O|  |TAMS 0x00000000e3500000, 0x00000000e3400000| Untracked 
|  53|0x00000000e3500000, 0x00000000e3500000, 0x00000000e3600000|  0%| F|  |TAMS 0x00000000e3500000, 0x00000000e3500000| Untracked 
|  54|0x00000000e3600000, 0x00000000e3700000, 0x00000000e3700000|100%| O|  |TAMS 0x00000000e3700000, 0x00000000e3600000| Untracked 
|  55|0x00000000e3700000, 0x00000000e3800000, 0x00000000e3800000|100%| O|  |TAMS 0x00000000e3800000, 0x00000000e3700000| Untracked 
|  56|0x00000000e3800000, 0x00000000e3900000, 0x00000000e3900000|100%| O|  |TAMS 0x00000000e3900000, 0x00000000e3800000| Untracked 
|  57|0x00000000e3900000, 0x00000000e3a00000, 0x00000000e3a00000|100%| O|  |TAMS 0x00000000e3a00000, 0x00000000e3900000| Untracked 
|  58|0x00000000e3a00000, 0x00000000e3b00000, 0x00000000e3b00000|100%| O|  |TAMS 0x00000000e3b00000, 0x00000000e3a00000| Untracked 
|  59|0x00000000e3b00000, 0x00000000e3c00000, 0x00000000e3c00000|100%| O|  |TAMS 0x00000000e3c00000, 0x00000000e3b00000| Untracked 
|  60|0x00000000e3c00000, 0x00000000e3d00000, 0x00000000e3d00000|100%| O|  |TAMS 0x00000000e3d00000, 0x00000000e3c00000| Untracked 
|  61|0x00000000e3d00000, 0x00000000e3e00000, 0x00000000e3e00000|100%| O|  |TAMS 0x00000000e3e00000, 0x00000000e3d00000| Untracked 
|  62|0x00000000e3e00000, 0x00000000e3f00000, 0x00000000e3f00000|100%| O|  |TAMS 0x00000000e3f00000, 0x00000000e3e00000| Untracked 
|  63|0x00000000e3f00000, 0x00000000e4000000, 0x00000000e4000000|100%| O|  |TAMS 0x00000000e4000000, 0x00000000e3f00000| Untracked 
|  64|0x00000000e4000000, 0x00000000e4000000, 0x00000000e4100000|  0%| F|  |TAMS 0x00000000e4000000, 0x00000000e4000000| Untracked 
|  65|0x00000000e4100000, 0x00000000e4100000, 0x00000000e4200000|  0%| F|  |TAMS 0x00000000e4100000, 0x00000000e4100000| Untracked 
|  66|0x00000000e4200000, 0x00000000e4200000, 0x00000000e4300000|  0%| F|  |TAMS 0x00000000e4200000, 0x00000000e4200000| Untracked 
|  67|0x00000000e4300000, 0x00000000e4300000, 0x00000000e4400000|  0%| F|  |TAMS 0x00000000e4300000, 0x00000000e4300000| Untracked 
|  68|0x00000000e4400000, 0x00000000e4400000, 0x00000000e4500000|  0%| F|  |TAMS 0x00000000e4400000, 0x00000000e4400000| Untracked 
|  69|0x00000000e4500000, 0x00000000e4500000, 0x00000000e4600000|  0%| F|  |TAMS 0x00000000e4500000, 0x00000000e4500000| Untracked 
|  70|0x00000000e4600000, 0x00000000e4600000, 0x00000000e4700000|  0%| F|  |TAMS 0x00000000e4600000, 0x00000000e4600000| Untracked 
|  71|0x00000000e4700000, 0x00000000e4700000, 0x00000000e4800000|  0%| F|  |TAMS 0x00000000e4700000, 0x00000000e4700000| Untracked 
|  72|0x00000000e4800000, 0x00000000e4800000, 0x00000000e4900000|  0%| F|  |TAMS 0x00000000e4800000, 0x00000000e4800000| Untracked 
|  73|0x00000000e4900000, 0x00000000e4900000, 0x00000000e4a00000|  0%| F|  |TAMS 0x00000000e4900000, 0x00000000e4900000| Untracked 
|  74|0x00000000e4a00000, 0x00000000e4a00000, 0x00000000e4b00000|  0%| F|  |TAMS 0x00000000e4a00000, 0x00000000e4a00000| Untracked 
|  75|0x00000000e4b00000, 0x00000000e4c00000, 0x00000000e4c00000|100%| O|  |TAMS 0x00000000e4c00000, 0x00000000e4b00000| Untracked 
|  76|0x00000000e4c00000, 0x00000000e4d00000, 0x00000000e4d00000|100%| O|  |TAMS 0x00000000e4d00000, 0x00000000e4c00000| Untracked 
|  77|0x00000000e4d00000, 0x00000000e4d00000, 0x00000000e4e00000|  0%| F|  |TAMS 0x00000000e4d00000, 0x00000000e4d00000| Untracked 
|  78|0x00000000e4e00000, 0x00000000e4f00000, 0x00000000e4f00000|100%| O|  |TAMS 0x00000000e4f00000, 0x00000000e4e00000| Untracked 
|  79|0x00000000e4f00000, 0x00000000e4f00000, 0x00000000e5000000|  0%| F|  |TAMS 0x00000000e4f00000, 0x00000000e4f00000| Untracked 
|  80|0x00000000e5000000, 0x00000000e5000000, 0x00000000e5100000|  0%| F|  |TAMS 0x00000000e5000000, 0x00000000e5000000| Untracked 
|  81|0x00000000e5100000, 0x00000000e5100000, 0x00000000e5200000|  0%| F|  |TAMS 0x00000000e5100000, 0x00000000e5100000| Untracked 
|  82|0x00000000e5200000, 0x00000000e5200000, 0x00000000e5300000|  0%| F|  |TAMS 0x00000000e5200000, 0x00000000e5200000| Untracked 
|  83|0x00000000e5300000, 0x00000000e5300000, 0x00000000e5400000|  0%| F|  |TAMS 0x00000000e5300000, 0x00000000e5300000| Untracked 
|  84|0x00000000e5400000, 0x00000000e5500000, 0x00000000e5500000|100%| O|  |TAMS 0x00000000e5500000, 0x00000000e5400000| Untracked 
|  85|0x00000000e5500000, 0x00000000e5500000, 0x00000000e5600000|  0%| F|  |TAMS 0x00000000e5500000, 0x00000000e5500000| Untracked 
|  86|0x00000000e5600000, 0x00000000e5600000, 0x00000000e5700000|  0%| F|  |TAMS 0x00000000e5600000, 0x00000000e5600000| Untracked 
|  87|0x00000000e5700000, 0x00000000e5800000, 0x00000000e5800000|100%| O|  |TAMS 0x00000000e5800000, 0x00000000e5700000| Untracked 
|  88|0x00000000e5800000, 0x00000000e5800000, 0x00000000e5900000|  0%| F|  |TAMS 0x00000000e5800000, 0x00000000e5800000| Untracked 
|  89|0x00000000e5900000, 0x00000000e5a00000, 0x00000000e5a00000|100%| O|  |TAMS 0x00000000e5a00000, 0x00000000e5900000| Untracked 
|  90|0x00000000e5a00000, 0x00000000e5b00000, 0x00000000e5b00000|100%| O|  |TAMS 0x00000000e5b00000, 0x00000000e5a00000| Untracked 
|  91|0x00000000e5b00000, 0x00000000e5b00000, 0x00000000e5c00000|  0%| F|  |TAMS 0x00000000e5b00000, 0x00000000e5b00000| Untracked 
|  92|0x00000000e5c00000, 0x00000000e5d00000, 0x00000000e5d00000|100%| O|  |TAMS 0x00000000e5d00000, 0x00000000e5c00000| Untracked 
|  93|0x00000000e5d00000, 0x00000000e5e00000, 0x00000000e5e00000|100%| O|  |TAMS 0x00000000e5e00000, 0x00000000e5d00000| Untracked 
|  94|0x00000000e5e00000, 0x00000000e5f00000, 0x00000000e5f00000|100%| O|  |TAMS 0x00000000e5f00000, 0x00000000e5e00000| Untracked 
|  95|0x00000000e5f00000, 0x00000000e5f00000, 0x00000000e6000000|  0%| F|  |TAMS 0x00000000e5f00000, 0x00000000e5f00000| Untracked 
|  96|0x00000000e6000000, 0x00000000e6000000, 0x00000000e6100000|  0%| F|  |TAMS 0x00000000e6000000, 0x00000000e6000000| Untracked 
|  97|0x00000000e6100000, 0x00000000e6200000, 0x00000000e6200000|100%| O|  |TAMS 0x00000000e6200000, 0x00000000e6100000| Untracked 
|  98|0x00000000e6200000, 0x00000000e6300000, 0x00000000e6300000|100%| O|  |TAMS 0x00000000e6300000, 0x00000000e6200000| Untracked 
|  99|0x00000000e6300000, 0x00000000e6400000, 0x00000000e6400000|100%| O|  |TAMS 0x00000000e6400000, 0x00000000e6300000| Untracked 
| 100|0x00000000e6400000, 0x00000000e6400000, 0x00000000e6500000|  0%| F|  |TAMS 0x00000000e6400000, 0x00000000e6400000| Untracked 
| 101|0x00000000e6500000, 0x00000000e6600000, 0x00000000e6600000|100%| O|  |TAMS 0x00000000e6600000, 0x00000000e6500000| Untracked 
| 102|0x00000000e6600000, 0x00000000e6700000, 0x00000000e6700000|100%| O|  |TAMS 0x00000000e6700000, 0x00000000e6600000| Untracked 
| 103|0x00000000e6700000, 0x00000000e6700000, 0x00000000e6800000|  0%| F|  |TAMS 0x00000000e6700000, 0x00000000e6700000| Untracked 
| 104|0x00000000e6800000, 0x00000000e6800000, 0x00000000e6900000|  0%| F|  |TAMS 0x00000000e6800000, 0x00000000e6800000| Untracked 
| 105|0x00000000e6900000, 0x00000000e6a00000, 0x00000000e6a00000|100%| O|  |TAMS 0x00000000e6a00000, 0x00000000e6900000| Untracked 
| 106|0x00000000e6a00000, 0x00000000e6a00000, 0x00000000e6b00000|  0%| F|  |TAMS 0x00000000e6a00000, 0x00000000e6a00000| Untracked 
| 107|0x00000000e6b00000, 0x00000000e6c00000, 0x00000000e6c00000|100%| O|  |TAMS 0x00000000e6c00000, 0x00000000e6b00000| Untracked 
| 108|0x00000000e6c00000, 0x00000000e6c00000, 0x00000000e6d00000|  0%| F|  |TAMS 0x00000000e6c00000, 0x00000000e6c00000| Untracked 
| 109|0x00000000e6d00000, 0x00000000e6e00000, 0x00000000e6e00000|100%| O|  |TAMS 0x00000000e6e00000, 0x00000000e6d00000| Untracked 
| 110|0x00000000e6e00000, 0x00000000e6e00000, 0x00000000e6f00000|  0%| F|  |TAMS 0x00000000e6e00000, 0x00000000e6e00000| Untracked 
| 111|0x00000000e6f00000, 0x00000000e6f00000, 0x00000000e7000000|  0%| F|  |TAMS 0x00000000e6f00000, 0x00000000e6f00000| Untracked 
| 112|0x00000000e7000000, 0x00000000e7000000, 0x00000000e7100000|  0%| F|  |TAMS 0x00000000e7000000, 0x00000000e7000000| Untracked 
| 113|0x00000000e7100000, 0x00000000e7100000, 0x00000000e7200000|  0%| F|  |TAMS 0x00000000e7100000, 0x00000000e7100000| Untracked 
| 114|0x00000000e7200000, 0x00000000e7200000, 0x00000000e7300000|  0%| F|  |TAMS 0x00000000e7200000, 0x00000000e7200000| Untracked 
| 115|0x00000000e7300000, 0x00000000e7300000, 0x00000000e7400000|  0%| F|  |TAMS 0x00000000e7300000, 0x00000000e7300000| Untracked 
| 116|0x00000000e7400000, 0x00000000e7400000, 0x00000000e7500000|  0%| F|  |TAMS 0x00000000e7400000, 0x00000000e7400000| Untracked 
| 117|0x00000000e7500000, 0x00000000e7500000, 0x00000000e7600000|  0%| F|  |TAMS 0x00000000e7500000, 0x00000000e7500000| Untracked 
| 118|0x00000000e7600000, 0x00000000e7600000, 0x00000000e7700000|  0%| F|  |TAMS 0x00000000e7600000, 0x00000000e7600000| Untracked 
| 119|0x00000000e7700000, 0x00000000e7800000, 0x00000000e7800000|100%| O|  |TAMS 0x00000000e7800000, 0x00000000e7700000| Untracked 
| 120|0x00000000e7800000, 0x00000000e7800000, 0x00000000e7900000|  0%| F|  |TAMS 0x00000000e7800000, 0x00000000e7800000| Untracked 
| 121|0x00000000e7900000, 0x00000000e7900000, 0x00000000e7a00000|  0%| F|  |TAMS 0x00000000e7900000, 0x00000000e7900000| Untracked 
| 122|0x00000000e7a00000, 0x00000000e7a00000, 0x00000000e7b00000|  0%| F|  |TAMS 0x00000000e7a00000, 0x00000000e7a00000| Untracked 
| 123|0x00000000e7b00000, 0x00000000e7c00000, 0x00000000e7c00000|100%| O|  |TAMS 0x00000000e7c00000, 0x00000000e7b00000| Untracked 
| 124|0x00000000e7c00000, 0x00000000e7d00000, 0x00000000e7d00000|100%| O|  |TAMS 0x00000000e7d00000, 0x00000000e7c00000| Untracked 
| 125|0x00000000e7d00000, 0x00000000e7e00000, 0x00000000e7e00000|100%| O|  |TAMS 0x00000000e7e00000, 0x00000000e7d00000| Untracked 
| 126|0x00000000e7e00000, 0x00000000e7f00000, 0x00000000e7f00000|100%| O|  |TAMS 0x00000000e7f00000, 0x00000000e7e00000| Untracked 
| 127|0x00000000e7f00000, 0x00000000e8000000, 0x00000000e8000000|100%| O|  |TAMS 0x00000000e8000000, 0x00000000e7f00000| Untracked 
| 128|0x00000000e8000000, 0x00000000e8100000, 0x00000000e8100000|100%| O|  |TAMS 0x00000000e8100000, 0x00000000e8000000| Untracked 
| 129|0x00000000e8100000, 0x00000000e8200000, 0x00000000e8200000|100%| O|  |TAMS 0x00000000e8200000, 0x00000000e8100000| Untracked 
| 130|0x00000000e8200000, 0x00000000e8200000, 0x00000000e8300000|  0%| F|  |TAMS 0x00000000e8200000, 0x00000000e8200000| Untracked 
| 131|0x00000000e8300000, 0x00000000e8300000, 0x00000000e8400000|  0%| F|  |TAMS 0x00000000e8300000, 0x00000000e8300000| Untracked 
| 132|0x00000000e8400000, 0x00000000e8500000, 0x00000000e8500000|100%| O|  |TAMS 0x00000000e8500000, 0x00000000e8400000| Untracked 
| 133|0x00000000e8500000, 0x00000000e8500000, 0x00000000e8600000|  0%| F|  |TAMS 0x00000000e8500000, 0x00000000e8500000| Untracked 
| 134|0x00000000e8600000, 0x00000000e8700000, 0x00000000e8700000|100%| O|  |TAMS 0x00000000e8700000, 0x00000000e8600000| Untracked 
| 135|0x00000000e8700000, 0x00000000e8800000, 0x00000000e8800000|100%| O|  |TAMS 0x00000000e8800000, 0x00000000e8700000| Untracked 
| 136|0x00000000e8800000, 0x00000000e8900000, 0x00000000e8900000|100%| O|  |TAMS 0x00000000e8900000, 0x00000000e8800000| Untracked 
| 137|0x00000000e8900000, 0x00000000e8a00000, 0x00000000e8a00000|100%| O|  |TAMS 0x00000000e8a00000, 0x00000000e8900000| Untracked 
| 138|0x00000000e8a00000, 0x00000000e8a00000, 0x00000000e8b00000|  0%| F|  |TAMS 0x00000000e8a00000, 0x00000000e8a00000| Untracked 
| 139|0x00000000e8b00000, 0x00000000e8c00000, 0x00000000e8c00000|100%| O|  |TAMS 0x00000000e8c00000, 0x00000000e8b00000| Untracked 
| 140|0x00000000e8c00000, 0x00000000e8d00000, 0x00000000e8d00000|100%| O|  |TAMS 0x00000000e8d00000, 0x00000000e8c00000| Untracked 
| 141|0x00000000e8d00000, 0x00000000e8e00000, 0x00000000e8e00000|100%| O|  |TAMS 0x00000000e8e00000, 0x00000000e8d00000| Untracked 
| 142|0x00000000e8e00000, 0x00000000e8e00000, 0x00000000e8f00000|  0%| F|  |TAMS 0x00000000e8e00000, 0x00000000e8e00000| Untracked 
| 143|0x00000000e8f00000, 0x00000000e9000000, 0x00000000e9000000|100%| O|  |TAMS 0x00000000e9000000, 0x00000000e8f00000| Untracked 
| 144|0x00000000e9000000, 0x00000000e9000000, 0x00000000e9100000|  0%| F|  |TAMS 0x00000000e9000000, 0x00000000e9000000| Untracked 
| 145|0x00000000e9100000, 0x00000000e9100000, 0x00000000e9200000|  0%| F|  |TAMS 0x00000000e9100000, 0x00000000e9100000| Untracked 
| 146|0x00000000e9200000, 0x00000000e9300000, 0x00000000e9300000|100%| O|  |TAMS 0x00000000e9300000, 0x00000000e9200000| Untracked 
| 147|0x00000000e9300000, 0x00000000e9400000, 0x00000000e9400000|100%| O|  |TAMS 0x00000000e9400000, 0x00000000e9300000| Untracked 
| 148|0x00000000e9400000, 0x00000000e9500000, 0x00000000e9500000|100%| O|  |TAMS 0x00000000e9500000, 0x00000000e9400000| Untracked 
| 149|0x00000000e9500000, 0x00000000e9500000, 0x00000000e9600000|  0%| F|  |TAMS 0x00000000e9500000, 0x00000000e9500000| Untracked 
| 150|0x00000000e9600000, 0x00000000e9600000, 0x00000000e9700000|  0%| F|  |TAMS 0x00000000e9600000, 0x00000000e9600000| Untracked 
| 151|0x00000000e9700000, 0x00000000e9800000, 0x00000000e9800000|100%| O|  |TAMS 0x00000000e9800000, 0x00000000e9700000| Untracked 
| 152|0x00000000e9800000, 0x00000000e9900000, 0x00000000e9900000|100%| O|  |TAMS 0x00000000e9900000, 0x00000000e9800000| Untracked 
| 153|0x00000000e9900000, 0x00000000e9a00000, 0x00000000e9a00000|100%| O|  |TAMS 0x00000000e9a00000, 0x00000000e9900000| Untracked 
| 154|0x00000000e9a00000, 0x00000000e9a00000, 0x00000000e9b00000|  0%| F|  |TAMS 0x00000000e9a00000, 0x00000000e9a00000| Untracked 
| 155|0x00000000e9b00000, 0x00000000e9b00000, 0x00000000e9c00000|  0%| F|  |TAMS 0x00000000e9b00000, 0x00000000e9b00000| Untracked 
| 156|0x00000000e9c00000, 0x00000000e9c00000, 0x00000000e9d00000|  0%| F|  |TAMS 0x00000000e9c00000, 0x00000000e9c00000| Untracked 
| 157|0x00000000e9d00000, 0x00000000e9d00000, 0x00000000e9e00000|  0%| F|  |TAMS 0x00000000e9d00000, 0x00000000e9d00000| Untracked 
| 158|0x00000000e9e00000, 0x00000000e9e00000, 0x00000000e9f00000|  0%| F|  |TAMS 0x00000000e9e00000, 0x00000000e9e00000| Untracked 
| 159|0x00000000e9f00000, 0x00000000e9f00000, 0x00000000ea000000|  0%| F|  |TAMS 0x00000000e9f00000, 0x00000000e9f00000| Untracked 
| 160|0x00000000ea000000, 0x00000000ea000000, 0x00000000ea100000|  0%| F|  |TAMS 0x00000000ea000000, 0x00000000ea000000| Untracked 
| 161|0x00000000ea100000, 0x00000000ea100000, 0x00000000ea200000|  0%| F|  |TAMS 0x00000000ea100000, 0x00000000ea100000| Untracked 
| 162|0x00000000ea200000, 0x00000000ea200000, 0x00000000ea300000|  0%| F|  |TAMS 0x00000000ea200000, 0x00000000ea200000| Untracked 
| 163|0x00000000ea300000, 0x00000000ea300000, 0x00000000ea400000|  0%| F|  |TAMS 0x00000000ea300000, 0x00000000ea300000| Untracked 
| 164|0x00000000ea400000, 0x00000000ea400000, 0x00000000ea500000|  0%| F|  |TAMS 0x00000000ea400000, 0x00000000ea400000| Untracked 
| 165|0x00000000ea500000, 0x00000000ea500000, 0x00000000ea600000|  0%| F|  |TAMS 0x00000000ea500000, 0x00000000ea500000| Untracked 
| 166|0x00000000ea600000, 0x00000000ea600000, 0x00000000ea700000|  0%| F|  |TAMS 0x00000000ea600000, 0x00000000ea600000| Untracked 
| 167|0x00000000ea700000, 0x00000000ea700000, 0x00000000ea800000|  0%| F|  |TAMS 0x00000000ea700000, 0x00000000ea700000| Untracked 
| 168|0x00000000ea800000, 0x00000000ea800000, 0x00000000ea900000|  0%| F|  |TAMS 0x00000000ea800000, 0x00000000ea800000| Untracked 
| 169|0x00000000ea900000, 0x00000000ea900000, 0x00000000eaa00000|  0%| F|  |TAMS 0x00000000ea900000, 0x00000000ea900000| Untracked 
| 170|0x00000000eaa00000, 0x00000000eaa00000, 0x00000000eab00000|  0%| F|  |TAMS 0x00000000eaa00000, 0x00000000eaa00000| Untracked 
| 171|0x00000000eab00000, 0x00000000eab00000, 0x00000000eac00000|  0%| F|  |TAMS 0x00000000eab00000, 0x00000000eab00000| Untracked 
| 172|0x00000000eac00000, 0x00000000eac00000, 0x00000000ead00000|  0%| F|  |TAMS 0x00000000eac00000, 0x00000000eac00000| Untracked 
| 173|0x00000000ead00000, 0x00000000ead00000, 0x00000000eae00000|  0%| F|  |TAMS 0x00000000ead00000, 0x00000000ead00000| Untracked 
| 174|0x00000000eae00000, 0x00000000eae00000, 0x00000000eaf00000|  0%| F|  |TAMS 0x00000000eae00000, 0x00000000eae00000| Untracked 
| 175|0x00000000eaf00000, 0x00000000eb000000, 0x00000000eb000000|100%| O|  |TAMS 0x00000000eb000000, 0x00000000eaf00000| Untracked 
| 176|0x00000000eb000000, 0x00000000eb100000, 0x00000000eb100000|100%| O|  |TAMS 0x00000000eb100000, 0x00000000eb000000| Untracked 
| 177|0x00000000eb100000, 0x00000000eb100000, 0x00000000eb200000|  0%| F|  |TAMS 0x00000000eb100000, 0x00000000eb100000| Untracked 
| 178|0x00000000eb200000, 0x00000000eb200000, 0x00000000eb300000|  0%| F|  |TAMS 0x00000000eb200000, 0x00000000eb200000| Untracked 
| 179|0x00000000eb300000, 0x00000000eb300000, 0x00000000eb400000|  0%| F|  |TAMS 0x00000000eb300000, 0x00000000eb300000| Untracked 
| 180|0x00000000eb400000, 0x00000000eb400000, 0x00000000eb500000|  0%| F|  |TAMS 0x00000000eb400000, 0x00000000eb400000| Untracked 
| 181|0x00000000eb500000, 0x00000000eb500000, 0x00000000eb600000|  0%| F|  |TAMS 0x00000000eb500000, 0x00000000eb500000| Untracked 
| 182|0x00000000eb600000, 0x00000000eb600000, 0x00000000eb700000|  0%| F|  |TAMS 0x00000000eb600000, 0x00000000eb600000| Untracked 
| 183|0x00000000eb700000, 0x00000000eb700000, 0x00000000eb800000|  0%| F|  |TAMS 0x00000000eb700000, 0x00000000eb700000| Untracked 
| 184|0x00000000eb800000, 0x00000000eb800000, 0x00000000eb900000|  0%| F|  |TAMS 0x00000000eb800000, 0x00000000eb800000| Untracked 
| 185|0x00000000eb900000, 0x00000000eb900000, 0x00000000eba00000|  0%| F|  |TAMS 0x00000000eb900000, 0x00000000eb900000| Untracked 
| 186|0x00000000eba00000, 0x00000000eba00000, 0x00000000ebb00000|  0%| F|  |TAMS 0x00000000eba00000, 0x00000000eba00000| Untracked 
| 187|0x00000000ebb00000, 0x00000000ebc00000, 0x00000000ebc00000|100%| O|  |TAMS 0x00000000ebc00000, 0x00000000ebb00000| Untracked 
| 188|0x00000000ebc00000, 0x00000000ebc00000, 0x00000000ebd00000|  0%| F|  |TAMS 0x00000000ebc00000, 0x00000000ebc00000| Untracked 
| 189|0x00000000ebd00000, 0x00000000ebe00000, 0x00000000ebe00000|100%| O|  |TAMS 0x00000000ebe00000, 0x00000000ebd00000| Untracked 
| 190|0x00000000ebe00000, 0x00000000ebe00000, 0x00000000ebf00000|  0%| F|  |TAMS 0x00000000ebe00000, 0x00000000ebe00000| Untracked 
| 191|0x00000000ebf00000, 0x00000000ebf00000, 0x00000000ec000000|  0%| F|  |TAMS 0x00000000ebf00000, 0x00000000ebf00000| Untracked 
| 192|0x00000000ec000000, 0x00000000ec000000, 0x00000000ec100000|  0%| F|  |TAMS 0x00000000ec000000, 0x00000000ec000000| Untracked 
| 193|0x00000000ec100000, 0x00000000ec100000, 0x00000000ec200000|  0%| F|  |TAMS 0x00000000ec100000, 0x00000000ec100000| Untracked 
| 194|0x00000000ec200000, 0x00000000ec200000, 0x00000000ec300000|  0%| F|  |TAMS 0x00000000ec200000, 0x00000000ec200000| Untracked 
| 195|0x00000000ec300000, 0x00000000ec300000, 0x00000000ec400000|  0%| F|  |TAMS 0x00000000ec300000, 0x00000000ec300000| Untracked 
| 196|0x00000000ec400000, 0x00000000ec400000, 0x00000000ec500000|  0%| F|  |TAMS 0x00000000ec400000, 0x00000000ec400000| Untracked 
| 197|0x00000000ec500000, 0x00000000ec500000, 0x00000000ec600000|  0%| F|  |TAMS 0x00000000ec500000, 0x00000000ec500000| Untracked 
| 198|0x00000000ec600000, 0x00000000ec600000, 0x00000000ec700000|  0%| F|  |TAMS 0x00000000ec600000, 0x00000000ec600000| Untracked 
| 199|0x00000000ec700000, 0x00000000ec700000, 0x00000000ec800000|  0%| F|  |TAMS 0x00000000ec700000, 0x00000000ec700000| Untracked 
| 200|0x00000000ec800000, 0x00000000ec800000, 0x00000000ec900000|  0%| F|  |TAMS 0x00000000ec800000, 0x00000000ec800000| Untracked 
| 201|0x00000000ec900000, 0x00000000ec900000, 0x00000000eca00000|  0%| F|  |TAMS 0x00000000ec900000, 0x00000000ec900000| Untracked 
| 202|0x00000000eca00000, 0x00000000eca00000, 0x00000000ecb00000|  0%| F|  |TAMS 0x00000000eca00000, 0x00000000eca00000| Untracked 
| 203|0x00000000ecb00000, 0x00000000ecb00000, 0x00000000ecc00000|  0%| F|  |TAMS 0x00000000ecb00000, 0x00000000ecb00000| Untracked 
| 204|0x00000000ecc00000, 0x00000000ecc00000, 0x00000000ecd00000|  0%| F|  |TAMS 0x00000000ecc00000, 0x00000000ecc00000| Untracked 
| 205|0x00000000ecd00000, 0x00000000ecd00000, 0x00000000ece00000|  0%| F|  |TAMS 0x00000000ecd00000, 0x00000000ecd00000| Untracked 
| 206|0x00000000ece00000, 0x00000000ece00000, 0x00000000ecf00000|  0%| F|  |TAMS 0x00000000ece00000, 0x00000000ece00000| Untracked 
| 207|0x00000000ecf00000, 0x00000000ecf00000, 0x00000000ed000000|  0%| F|  |TAMS 0x00000000ecf00000, 0x00000000ecf00000| Untracked 
| 208|0x00000000ed000000, 0x00000000ed000000, 0x00000000ed100000|  0%| F|  |TAMS 0x00000000ed000000, 0x00000000ed000000| Untracked 
| 209|0x00000000ed100000, 0x00000000ed100000, 0x00000000ed200000|  0%| F|  |TAMS 0x00000000ed100000, 0x00000000ed100000| Untracked 
| 210|0x00000000ed200000, 0x00000000ed200000, 0x00000000ed300000|  0%| F|  |TAMS 0x00000000ed200000, 0x00000000ed200000| Untracked 
| 211|0x00000000ed300000, 0x00000000ed300000, 0x00000000ed400000|  0%| F|  |TAMS 0x00000000ed300000, 0x00000000ed300000| Untracked 
| 212|0x00000000ed400000, 0x00000000ed400000, 0x00000000ed500000|  0%| F|  |TAMS 0x00000000ed400000, 0x00000000ed400000| Untracked 
| 213|0x00000000ed500000, 0x00000000ed500000, 0x00000000ed600000|  0%| F|  |TAMS 0x00000000ed500000, 0x00000000ed500000| Untracked 
| 214|0x00000000ed600000, 0x00000000ed600000, 0x00000000ed700000|  0%| F|  |TAMS 0x00000000ed600000, 0x00000000ed600000| Untracked 
| 215|0x00000000ed700000, 0x00000000ed700000, 0x00000000ed800000|  0%| F|  |TAMS 0x00000000ed700000, 0x00000000ed700000| Untracked 
| 216|0x00000000ed800000, 0x00000000ed800000, 0x00000000ed900000|  0%| F|  |TAMS 0x00000000ed800000, 0x00000000ed800000| Untracked 
| 217|0x00000000ed900000, 0x00000000ed900000, 0x00000000eda00000|  0%| F|  |TAMS 0x00000000ed900000, 0x00000000ed900000| Untracked 
| 218|0x00000000eda00000, 0x00000000eda00000, 0x00000000edb00000|  0%| F|  |TAMS 0x00000000eda00000, 0x00000000eda00000| Untracked 
| 219|0x00000000edb00000, 0x00000000edb00000, 0x00000000edc00000|  0%| F|  |TAMS 0x00000000edb00000, 0x00000000edb00000| Untracked 
| 220|0x00000000edc00000, 0x00000000edc00000, 0x00000000edd00000|  0%| F|  |TAMS 0x00000000edc00000, 0x00000000edc00000| Untracked 
| 221|0x00000000edd00000, 0x00000000edd00000, 0x00000000ede00000|  0%| F|  |TAMS 0x00000000edd00000, 0x00000000edd00000| Untracked 
| 222|0x00000000ede00000, 0x00000000ede00000, 0x00000000edf00000|  0%| F|  |TAMS 0x00000000ede00000, 0x00000000ede00000| Untracked 
| 223|0x00000000edf00000, 0x00000000edf00000, 0x00000000ee000000|  0%| F|  |TAMS 0x00000000edf00000, 0x00000000edf00000| Untracked 
| 224|0x00000000ee000000, 0x00000000ee000000, 0x00000000ee100000|  0%| F|  |TAMS 0x00000000ee000000, 0x00000000ee000000| Untracked 
| 225|0x00000000ee100000, 0x00000000ee100000, 0x00000000ee200000|  0%| F|  |TAMS 0x00000000ee100000, 0x00000000ee100000| Untracked 
| 226|0x00000000ee200000, 0x00000000ee2336a0, 0x00000000ee300000| 20%| E|  |TAMS 0x00000000ee200000, 0x00000000ee200000| Complete 
| 227|0x00000000ee300000, 0x00000000ee400000, 0x00000000ee400000|100%| E|CS|TAMS 0x00000000ee300000, 0x00000000ee300000| Complete 
| 228|0x00000000ee400000, 0x00000000ee500000, 0x00000000ee500000|100%| E|CS|TAMS 0x00000000ee400000, 0x00000000ee400000| Complete 
| 229|0x00000000ee500000, 0x00000000ee600000, 0x00000000ee600000|100%| E|CS|TAMS 0x00000000ee500000, 0x00000000ee500000| Complete 
| 230|0x00000000ee600000, 0x00000000ee700000, 0x00000000ee700000|100%| E|CS|TAMS 0x00000000ee600000, 0x00000000ee600000| Complete 
| 231|0x00000000ee700000, 0x00000000ee800000, 0x00000000ee800000|100%| E|CS|TAMS 0x00000000ee700000, 0x00000000ee700000| Complete 
| 232|0x00000000ee800000, 0x00000000ee900000, 0x00000000ee900000|100%| E|CS|TAMS 0x00000000ee800000, 0x00000000ee800000| Complete 
| 233|0x00000000ee900000, 0x00000000eea00000, 0x00000000eea00000|100%| E|CS|TAMS 0x00000000ee900000, 0x00000000ee900000| Complete 
| 234|0x00000000eea00000, 0x00000000eeb00000, 0x00000000eeb00000|100%| E|CS|TAMS 0x00000000eea00000, 0x00000000eea00000| Complete 
| 235|0x00000000eeb00000, 0x00000000eec00000, 0x00000000eec00000|100%| E|CS|TAMS 0x00000000eeb00000, 0x00000000eeb00000| Complete 
| 236|0x00000000eec00000, 0x00000000eed00000, 0x00000000eed00000|100%| E|CS|TAMS 0x00000000eec00000, 0x00000000eec00000| Complete 
| 237|0x00000000eed00000, 0x00000000eee00000, 0x00000000eee00000|100%| E|CS|TAMS 0x00000000eed00000, 0x00000000eed00000| Complete 
| 238|0x00000000eee00000, 0x00000000eef00000, 0x00000000eef00000|100%| E|CS|TAMS 0x00000000eee00000, 0x00000000eee00000| Complete 
| 239|0x00000000eef00000, 0x00000000ef000000, 0x00000000ef000000|100%| E|CS|TAMS 0x00000000eef00000, 0x00000000eef00000| Complete 
| 240|0x00000000ef000000, 0x00000000ef100000, 0x00000000ef100000|100%| E|CS|TAMS 0x00000000ef000000, 0x00000000ef000000| Complete 
| 241|0x00000000ef100000, 0x00000000ef200000, 0x00000000ef200000|100%| E|CS|TAMS 0x00000000ef100000, 0x00000000ef100000| Complete 
| 242|0x00000000ef200000, 0x00000000ef300000, 0x00000000ef300000|100%| E|CS|TAMS 0x00000000ef200000, 0x00000000ef200000| Complete 
| 243|0x00000000ef300000, 0x00000000ef400000, 0x00000000ef400000|100%| E|CS|TAMS 0x00000000ef300000, 0x00000000ef300000| Complete 
| 244|0x00000000ef400000, 0x00000000ef4e5af0, 0x00000000ef500000| 89%| S|CS|TAMS 0x00000000ef400000, 0x00000000ef400000| Complete 
| 245|0x00000000ef500000, 0x00000000ef600000, 0x00000000ef600000|100%| E|CS|TAMS 0x00000000ef500000, 0x00000000ef500000| Complete 
| 246|0x00000000ef600000, 0x00000000ef700000, 0x00000000ef700000|100%| E|CS|TAMS 0x00000000ef600000, 0x00000000ef600000| Complete 
| 247|0x00000000ef700000, 0x00000000ef800000, 0x00000000ef800000|100%| E|CS|TAMS 0x00000000ef700000, 0x00000000ef700000| Complete 
| 248|0x00000000ef800000, 0x00000000ef900000, 0x00000000ef900000|100%| E|CS|TAMS 0x00000000ef800000, 0x00000000ef800000| Complete 
| 249|0x00000000ef900000, 0x00000000efa00000, 0x00000000efa00000|100%| E|CS|TAMS 0x00000000ef900000, 0x00000000ef900000| Complete 
| 250|0x00000000efa00000, 0x00000000efb00000, 0x00000000efb00000|100%| E|CS|TAMS 0x00000000efa00000, 0x00000000efa00000| Complete 
| 251|0x00000000efb00000, 0x00000000efc00000, 0x00000000efc00000|100%| E|CS|TAMS 0x00000000efb00000, 0x00000000efb00000| Complete 
| 252|0x00000000efc00000, 0x00000000efd00000, 0x00000000efd00000|100%| E|CS|TAMS 0x00000000efc00000, 0x00000000efc00000| Complete 
| 253|0x00000000efd00000, 0x00000000efe00000, 0x00000000efe00000|100%| E|CS|TAMS 0x00000000efd00000, 0x00000000efd00000| Complete 
| 254|0x00000000efe00000, 0x00000000eff00000, 0x00000000eff00000|100%| E|CS|TAMS 0x00000000efe00000, 0x00000000efe00000| Complete 
| 255|0x00000000eff00000, 0x00000000f0000000, 0x00000000f0000000|100%| E|CS|TAMS 0x00000000eff00000, 0x00000000eff00000| Complete 

Card table byte_map: [0x0000028464750000,0x0000028464850000] _byte_map_base: 0x0000028464050000

Marking Bits (Prev, Next): (CMBitMap*) 0x000002844d2dee00, (CMBitMap*) 0x000002844d2dedc8
 Prev Bits: [0x0000028465150000, 0x0000028465950000)
 Next Bits: [0x0000028464950000, 0x0000028465150000)

Polling page: 0x000002844b180000

Metaspace:

Usage:
  Non-class:     78.10 MB capacity,    76.60 MB ( 98%) used,     1.22 MB (  2%) free+waste,   286.25 KB ( <1%) overhead. 
      Class:     11.77 MB capacity,    10.86 MB ( 92%) used,   798.41 KB (  7%) free+waste,   127.44 KB (  1%) overhead. 
       Both:     89.86 MB capacity,    87.46 MB ( 97%) used,     2.00 MB (  2%) free+waste,   413.69 KB ( <1%) overhead. 

Virtual space:
  Non-class space:       86.00 MB reserved,      84.13 MB ( 98%) committed 
      Class space:      248.00 MB reserved,      12.95 MB (  5%) committed 
             Both:      334.00 MB reserved,      97.08 MB ( 29%) committed 

Chunk freelists:
   Non-Class:  763.88 KB
       Class:  146.00 KB
        Both:  909.88 KB

CodeHeap 'non-profiled nmethods': size=120064Kb used=10519Kb max_used=10624Kb free=109544Kb
 bounds [0x000002845d210000, 0x000002845dc80000, 0x0000028464750000]
CodeHeap 'profiled nmethods': size=120000Kb used=32241Kb max_used=33945Kb free=87759Kb
 bounds [0x0000028455ce0000, 0x0000028457e10000, 0x000002845d210000]
CodeHeap 'non-nmethods': size=5696Kb used=2304Kb max_used=2357Kb free=3391Kb
 bounds [0x0000028455750000, 0x00000284559c0000, 0x0000028455ce0000]
 total_blobs=15411 nmethods=14493 adapters=828
 compilation: enabled
              stopped_count=0, restarted_count=0
 full_count=0

Compilation events (10 events):
Event: 2196.043 Thread 0x00000284688eb800 nmethod 16080 0x000002845d5dfd10 code [0x000002845d5dfea0, 0x000002845d5e0138]
Event: 2244.113 Thread 0x00000284688eb800 16081 % !   4       org.gradle.launcher.daemon.server.exec.LogToClient$AsynchronousLogDispatcher::run @ 0 (62 bytes)
Event: 2244.181 Thread 0x00000284688eb800 nmethod 16081% 0x000002845d5df010 code [0x000002845d5df1e0, 0x000002845d5df928]
Event: 2304.833 Thread 0x00000284688eb800 16082 %     4       org.gradle.launcher.daemon.server.exec.DaemonConnectionBackedEventConsumer$ForwardEvents::run @ 0 (25 bytes)
Event: 2304.842 Thread 0x00000284688eb800 nmethod 16082% 0x000002845d5de990 code [0x000002845d5deb40, 0x000002845d5ded48]
Event: 2306.016 Thread 0x00000284688eb800 16083       4       jdk.internal.ref.PhantomCleanable::clear (12 bytes)
Event: 2306.033 Thread 0x00000284688eb800 nmethod 16083 0x000002845d610390 code [0x000002845d610520, 0x000002845d610b78]
Event: 2306.324 Thread 0x00000284688eb800 16084       4       sun.management.ManagementFactoryHelper::getMemoryPoolMXBeans (51 bytes)
Event: 2306.351 Thread 0x00000284688eb800 nmethod 16084 0x000002845d67dc90 code [0x000002845d67de60, 0x000002845d67e958]
Event: 2307.326 Thread 0x00000284688eb800 16085       4       org.gradle.launcher.daemon.server.health.gc.GarbageCollectionCheck::run (198 bytes)

GC Heap History (10 events):
Event: 477.472 GC heap before
{Heap before GC invocations=67 (full 0):
 garbage-first heap   total 262144K, used 188326K [0x00000000e0000000, 0x0000000100000000)
  region size 1024K, 80 young (81920K), 5 survivors (5120K)
 Metaspace       used 89279K, capacity 91751K, committed 99408K, reserved 342016K
  class space    used 11109K, capacity 12036K, committed 13260K, reserved 253952K
}
Event: 477.496 GC heap after
{Heap after GC invocations=68 (full 0):
 garbage-first heap   total 262144K, used 117546K [0x00000000e0000000, 0x0000000100000000)
  region size 1024K, 10 young (10240K), 10 survivors (10240K)
 Metaspace       used 89279K, capacity 91751K, committed 99408K, reserved 342016K
  class space    used 11109K, capacity 12036K, committed 13260K, reserved 253952K
}
Event: 477.499 GC heap before
{Heap before GC invocations=68 (full 0):
 garbage-first heap   total 262144K, used 119594K [0x00000000e0000000, 0x0000000100000000)
  region size 1024K, 12 young (12288K), 10 survivors (10240K)
 Metaspace       used 89279K, capacity 91751K, committed 99408K, reserved 342016K
  class space    used 11109K, capacity 12036K, committed 13260K, reserved 253952K
}
Event: 477.543 GC heap after
{Heap after GC invocations=69 (full 0):
 garbage-first heap   total 262144K, used 112534K [0x00000000e0000000, 0x0000000100000000)
  region size 1024K, 2 young (2048K), 2 survivors (2048K)
 Metaspace       used 89279K, capacity 91751K, committed 99408K, reserved 342016K
  class space    used 11109K, capacity 12036K, committed 13260K, reserved 253952K
}
Event: 479.415 GC heap before
{Heap before GC invocations=69 (full 0):
 garbage-first heap   total 262144K, used 155542K [0x00000000e0000000, 0x0000000100000000)
  region size 1024K, 45 young (46080K), 2 survivors (2048K)
 Metaspace       used 89367K, capacity 91811K, committed 99408K, reserved 342016K
  class space    used 11120K, capacity 12046K, committed 13260K, reserved 253952K
}
Event: 479.424 GC heap after
{Heap after GC invocations=70 (full 0):
 garbage-first heap   total 262144K, used 112061K [0x00000000e0000000, 0x0000000100000000)
  region size 1024K, 1 young (1024K), 1 survivors (1024K)
 Metaspace       used 89367K, capacity 91811K, committed 99408K, reserved 342016K
  class space    used 11120K, capacity 12046K, committed 13260K, reserved 253952K
}
Event: 482.103 GC heap before
{Heap before GC invocations=71 (full 0):
 garbage-first heap   total 262144K, used 203727K [0x00000000e0000000, 0x0000000100000000)
  region size 1024K, 84 young (86016K), 1 survivors (1024K)
 Metaspace       used 89384K, capacity 91883K, committed 99408K, reserved 342016K
  class space    used 11121K, capacity 12047K, committed 13260K, reserved 253952K
}
Event: 482.111 GC heap after
{Heap after GC invocations=72 (full 0):
 garbage-first heap   total 262144K, used 110427K [0x00000000e0000000, 0x0000000100000000)
  region size 1024K, 1 young (1024K), 1 survivors (1024K)
 Metaspace       used 89384K, capacity 91883K, committed 99408K, reserved 342016K
  class space    used 11121K, capacity 12047K, committed 13260K, reserved 253952K
}
Event: 653.327 GC heap before
{Heap before GC invocations=72 (full 0):
 garbage-first heap   total 262144K, used 121691K [0x00000000e0000000, 0x0000000100000000)
  region size 1024K, 12 young (12288K), 1 survivors (1024K)
 Metaspace       used 89402K, capacity 91947K, committed 99408K, reserved 342016K
  class space    used 11121K, capacity 12047K, committed 13260K, reserved 253952K
}
Event: 653.343 GC heap after
{Heap after GC invocations=73 (full 0):
 garbage-first heap   total 262144K, used 107403K [0x00000000e0000000, 0x0000000100000000)
  region size 1024K, 1 young (1024K), 1 survivors (1024K)
 Metaspace       used 89402K, capacity 91947K, committed 99408K, reserved 342016K
  class space    used 11121K, capacity 12047K, committed 13260K, reserved 253952K
}

Deoptimization events (10 events):
Event: 478.131 Thread 0x000002846f707800 Uncommon trap: reason=class_check action=maybe_recompile pc=0x000002845db7cffc method=com.google.common.collect.AbstractMapBasedMultimap.wrapList(Ljava/lang/Object;Ljava/util/List;Lcom/google/common/collect/AbstractMapBasedMultimap$WrappedCollection;)Ljav
Event: 481.883 Thread 0x000002846f707800 Uncommon trap: reason=unstable_if action=reinterpret pc=0x000002845d25659c method=com.google.common.collect.MapMakerInternalMap$Segment.getEntry(Ljava/lang/Object;I)Lcom/google/common/collect/MapMakerInternalMap$InternalEntry; @ 40 c2
Event: 481.896 Thread 0x0000028471ac4800 Uncommon trap: reason=class_check action=maybe_recompile pc=0x000002845da8a6fc method=org.gradle.internal.extensibility.ConventionAwareHelper.getConventionValue(Ljava/lang/Object;Ljava/lang/String;Z)Ljava/lang/Object; @ 26 c2
Event: 482.029 Thread 0x0000028471ac4800 Uncommon trap: reason=class_check action=maybe_recompile pc=0x000002845da8a6fc method=org.gradle.internal.extensibility.ConventionAwareHelper.getConventionValue(Ljava/lang/Object;Ljava/lang/String;Z)Ljava/lang/Object; @ 26 c2
Event: 482.029 Thread 0x0000028471ac4800 Uncommon trap: reason=unstable_if action=reinterpret pc=0x000002845d7bd674 method=java.lang.ref.SoftReference.get()Ljava/lang/Object; @ 6 c2
Event: 563.317 Thread 0x000002846b49a800 Uncommon trap: reason=class_check action=maybe_recompile pc=0x000002845d5022a8 method=jdk.internal.misc.Unsafe.allocateUninitializedArray(Ljava/lang/Class;I)Ljava/lang/Object; @ 48 c2
Event: 563.317 Thread 0x000002846b49a800 Uncommon trap: reason=class_check action=maybe_recompile pc=0x000002845d5022a8 method=jdk.internal.misc.Unsafe.allocateUninitializedArray(Ljava/lang/Class;I)Ljava/lang/Object; @ 48 c2
Event: 563.317 Thread 0x000002846b49a800 Uncommon trap: reason=class_check action=maybe_recompile pc=0x000002845d5022a8 method=jdk.internal.misc.Unsafe.allocateUninitializedArray(Ljava/lang/Class;I)Ljava/lang/Object; @ 48 c2
Event: 563.317 Thread 0x000002846b49a800 Uncommon trap: reason=class_check action=maybe_recompile pc=0x000002845d5022a8 method=jdk.internal.misc.Unsafe.allocateUninitializedArray(Ljava/lang/Class;I)Ljava/lang/Object; @ 48 c2
Event: 649.995 Thread 0x000002846f701800 Uncommon trap: reason=unstable_if action=reinterpret pc=0x000002845dbbffe4 method=java.util.concurrent.locks.AbstractQueuedSynchronizer$ConditionObject.awaitNanos(J)J @ 79 c2

Classes redefined (0 events):
No events

Internal exceptions (10 events):
Event: 481.664 Thread 0x000002846f707800 Exception <a 'java/io/FileNotFoundException'{0x00000000eee52c18}> (0x00000000eee52c18) thrown at [./open/src/hotspot/share/prims/jni.cpp, line 611]
Event: 481.664 Thread 0x000002846f707800 Exception <a 'java/io/FileNotFoundException'{0x00000000eee54f60}> (0x00000000eee54f60) thrown at [./open/src/hotspot/share/prims/jni.cpp, line 611]
Event: 481.759 Thread 0x000002846f707800 Exception <a 'java/io/FileNotFoundException'{0x00000000edc70970}> (0x00000000edc70970) thrown at [./open/src/hotspot/share/prims/jni.cpp, line 611]
Event: 481.760 Thread 0x000002846f707800 Exception <a 'java/io/FileNotFoundException'{0x00000000edc732c8}> (0x00000000edc732c8) thrown at [./open/src/hotspot/share/prims/jni.cpp, line 611]
Event: 481.897 Thread 0x0000028471ac4800 Exception <a 'java/io/FileNotFoundException'{0x00000000ec9ddbf0}> (0x00000000ec9ddbf0) thrown at [./open/src/hotspot/share/prims/jni.cpp, line 611]
Event: 481.898 Thread 0x0000028471ac4800 Exception <a 'java/io/FileNotFoundException'{0x00000000ec9df978}> (0x00000000ec9df978) thrown at [./open/src/hotspot/share/prims/jni.cpp, line 611]
Event: 482.029 Thread 0x0000028471ac4800 Implicit null exception at 0x000002845d7b8921 to 0x000002845d7bd658
Event: 482.031 Thread 0x0000028471ac4800 Exception <a 'java/io/FileNotFoundException'{0x00000000eb434478}> (0x00000000eb434478) thrown at [./open/src/hotspot/share/prims/jni.cpp, line 611]
Event: 482.031 Thread 0x0000028471ac4800 Exception <a 'java/io/FileNotFoundException'{0x00000000eb436c00}> (0x00000000eb436c00) thrown at [./open/src/hotspot/share/prims/jni.cpp, line 611]
Event: 482.031 Thread 0x0000028471ac4800 Exception <a 'java/io/FileNotFoundException'{0x00000000eb438f48}> (0x00000000eb438f48) thrown at [./open/src/hotspot/share/prims/jni.cpp, line 611]

Events (10 events):
Event: 991.134 Executing VM operation: BulkRevokeBias done
Event: 991.134 Executing VM operation: RevokeBias
Event: 991.135 Executing VM operation: RevokeBias done
Event: 991.135 Executing VM operation: RevokeBias
Event: 991.136 Executing VM operation: RevokeBias done
Event: 1028.266 Executing VM operation: BulkRevokeBias
Event: 1028.270 Executing VM operation: BulkRevokeBias done
Event: 1088.283 Executing VM operation: RevokeBias
Event: 1088.283 Executing VM operation: RevokeBias done
Event: 1088.283 Thread 0x000002846afd6000 Thread exited: 0x000002846afd6000


Dynamic libraries:
0x00007ff7d62d0000 - 0x00007ff7d62df000 	C:\Program Files\Java\jdk-11.0.11\bin\java.exe
0x00007ffcef600000 - 0x00007ffcef7f0000 	C:\Windows\SYSTEM32\ntdll.dll
0x00007ffceef70000 - 0x00007ffcef022000 	C:\Windows\System32\KERNEL32.DLL
0x00007ffcecee0000 - 0x00007ffced185000 	C:\Windows\System32\KERNELBASE.dll
0x00007ffcea4f0000 - 0x00007ffcea57f000 	C:\Windows\SYSTEM32\apphelp.dll
0x00007ffcec5a0000 - 0x00007ffcec69a000 	C:\Windows\System32\ucrtbase.dll
0x00007ffce4f10000 - 0x00007ffce4f28000 	C:\Program Files\Java\jdk-11.0.11\bin\jli.dll
0x00007ffcdc840000 - 0x00007ffcdc855000 	C:\Program Files\Java\jdk-11.0.11\bin\VCRUNTIME140.dll
0x00007ffcedb20000 - 0x00007ffcedbc3000 	C:\Windows\System32\ADVAPI32.dll
0x00007ffceda80000 - 0x00007ffcedb1e000 	C:\Windows\System32\msvcrt.dll
0x00007ffcef3a0000 - 0x00007ffcef437000 	C:\Windows\System32\sechost.dll
0x00007ffcee3b0000 - 0x00007ffcee4cf000 	C:\Windows\System32\RPCRT4.dll
0x00007ffced770000 - 0x00007ffced904000 	C:\Windows\System32\USER32.dll
0x00007ffcec570000 - 0x00007ffcec591000 	C:\Windows\System32\win32u.dll
0x00007ffce2060000 - 0x00007ffce22e4000 	C:\Windows\WinSxS\amd64_microsoft.windows.common-controls_6595b64144ccf1df_6.0.18362.1556_none_9e7e372fe45e41d5\COMCTL32.dll
0x00007ffced740000 - 0x00007ffced766000 	C:\Windows\System32\GDI32.dll
0x00007ffced350000 - 0x00007ffced4e8000 	C:\Windows\System32\gdi32full.dll
0x00007ffcee680000 - 0x00007ffcee9b6000 	C:\Windows\System32\combase.dll
0x00007ffced260000 - 0x00007ffced2fe000 	C:\Windows\System32\msvcp_win.dll
0x00007ffcec6d0000 - 0x00007ffcec751000 	C:\Windows\System32\bcryptPrimitives.dll
0x00007ffce6270000 - 0x00007ffce627a000 	C:\Windows\SYSTEM32\VERSION.dll
0x00007ffcef030000 - 0x00007ffcef05e000 	C:\Windows\System32\IMM32.DLL
0x00007ffcca340000 - 0x00007ffcca3db000 	C:\Program Files\Java\jdk-11.0.11\bin\msvcp140.dll
0x00007ffcc8af0000 - 0x00007ffcc95ee000 	C:\Program Files\Java\jdk-11.0.11\bin\server\jvm.dll
0x00007ffced6b0000 - 0x00007ffced6b8000 	C:\Windows\System32\PSAPI.DLL
0x00007ffce7bb0000 - 0x00007ffce7bb9000 	C:\Windows\SYSTEM32\WSOCK32.dll
0x00007ffce9c90000 - 0x00007ffce9cb4000 	C:\Windows\SYSTEM32\WINMM.dll
0x00007ffceea20000 - 0x00007ffceea8f000 	C:\Windows\System32\WS2_32.dll
0x00007ffce9c60000 - 0x00007ffce9c8d000 	C:\Windows\SYSTEM32\WINMMBASE.dll
0x00007ffced300000 - 0x00007ffced34a000 	C:\Windows\System32\cfgmgr32.dll
0x00007ffcec4c0000 - 0x00007ffcec4d1000 	C:\Windows\System32\kernel.appcore.dll
0x00007ffce4f00000 - 0x00007ffce4f10000 	C:\Program Files\Java\jdk-11.0.11\bin\verify.dll
0x00007ffcda910000 - 0x00007ffcdab04000 	C:\Windows\SYSTEM32\DBGHELP.DLL
0x00007ffcda810000 - 0x00007ffcda83a000 	C:\Windows\SYSTEM32\dbgcore.DLL
0x00007ffcdb300000 - 0x00007ffcdb328000 	C:\Program Files\Java\jdk-11.0.11\bin\java.dll
0x00007ffce1ee0000 - 0x00007ffce1eea000 	C:\Program Files\Java\jdk-11.0.11\bin\jimage.dll
0x00007ffcdb2e0000 - 0x00007ffcdb2f6000 	C:\Program Files\Java\jdk-11.0.11\bin\zip.dll
0x00007ffcedbd0000 - 0x00007ffcee2b7000 	C:\Windows\System32\SHELL32.dll
0x00007ffcef510000 - 0x00007ffcef5b8000 	C:\Windows\System32\shcore.dll
0x00007ffcec760000 - 0x00007ffcecedb000 	C:\Windows\System32\windows.storage.dll
0x00007ffcec530000 - 0x00007ffcec54e000 	C:\Windows\System32\profapi.dll
0x00007ffcec4e0000 - 0x00007ffcec52a000 	C:\Windows\System32\powrprof.dll
0x00007ffcec4b0000 - 0x00007ffcec4c0000 	C:\Windows\System32\UMPDC.dll
0x00007ffcef060000 - 0x00007ffcef0b2000 	C:\Windows\System32\shlwapi.dll
0x00007ffced190000 - 0x00007ffced1a7000 	C:\Windows\System32\cryptsp.dll
0x00007ffcdb2c0000 - 0x00007ffcdb2d9000 	C:\Program Files\Java\jdk-11.0.11\bin\net.dll
0x00007ffce1f60000 - 0x00007ffce205a000 	C:\Windows\SYSTEM32\WINHTTP.dll
0x00007ffcebca0000 - 0x00007ffcebd07000 	C:\Windows\system32\mswsock.dll
0x00007ffcdb2a0000 - 0x00007ffcdb2b2000 	C:\Program Files\Java\jdk-11.0.11\bin\nio.dll
0x00007ffcdd790000 - 0x00007ffcdd7b7000 	C:\Users\Usuario\.gradle\native\e1d6ef7f7dcc3fd88c89a11ec53ec762bb8ba0a96d01ffa2cd45eb1d1d8dd5c5\windows-amd64\native-platform.dll
0x00007ffca4390000 - 0x00007ffca44d4000 	C:\Users\Usuario\.gradle\native\5664cfc778a61ccfe75a443a1ab52a65af34e5dc3c78e0209fed803814484fcb\windows-amd64\native-platform-file-events.dll
0x00007ffce1d10000 - 0x00007ffce1d19000 	C:\Program Files\Java\jdk-11.0.11\bin\management.dll
0x00007ffce18b0000 - 0x00007ffce18bb000 	C:\Program Files\Java\jdk-11.0.11\bin\management_ext.dll
0x00007ffceb7d0000 - 0x00007ffceb803000 	C:\Windows\system32\rsaenh.dll
0x00007ffcec6a0000 - 0x00007ffcec6c6000 	C:\Windows\System32\bcrypt.dll
0x00007ffcec3a0000 - 0x00007ffcec3c5000 	C:\Windows\SYSTEM32\USERENV.dll
0x00007ffcebe20000 - 0x00007ffcebe2c000 	C:\Windows\SYSTEM32\CRYPTBASE.dll
0x00007ffceb960000 - 0x00007ffceb99a000 	C:\Windows\SYSTEM32\IPHLPAPI.DLL
0x00007ffced910000 - 0x00007ffced918000 	C:\Windows\System32\NSI.dll
0x00007ffce5050000 - 0x00007ffce5066000 	C:\Windows\SYSTEM32\dhcpcsvc6.DLL
0x00007ffce5030000 - 0x00007ffce504c000 	C:\Windows\SYSTEM32\dhcpcsvc.DLL
0x00007ffceb9a0000 - 0x00007ffceba6b000 	C:\Windows\SYSTEM32\DNSAPI.dll
0x00007ffcc9b00000 - 0x00007ffcc9b25000 	C:\Program Files\Java\jdk-11.0.11\bin\sunec.dll
0x00007ffce1ed0000 - 0x00007ffce1eda000 	C:\Windows\System32\rasadhlp.dll
0x00007ffce4370000 - 0x00007ffce43e7000 	C:\Windows\System32\fwpuclnt.dll
0x00007ffce68c0000 - 0x00007ffce68cd000 	C:\Program Files\Java\jdk-11.0.11\bin\sunmscapi.dll
0x00007ffced550000 - 0x00007ffced6a1000 	C:\Windows\System32\CRYPT32.dll
0x00007ffcec550000 - 0x00007ffcec562000 	C:\Windows\System32\MSASN1.dll
0x00007ffcebf30000 - 0x00007ffcebf56000 	C:\Windows\SYSTEM32\ncrypt.dll
0x00007ffcebef0000 - 0x00007ffcebf2b000 	C:\Windows\SYSTEM32\NTASN1.dll

dbghelp: loaded successfully - version: 4.0.5 - missing functions: none
symbol engine: initialized successfully - sym options: 0x614 - pdb path: .;C:\Program Files\Java\jdk-11.0.11\bin;C:\Windows\SYSTEM32;C:\Windows\WinSxS\amd64_microsoft.windows.common-controls_6595b64144ccf1df_6.0.18362.1556_none_9e7e372fe45e41d5;C:\Program Files\Java\jdk-11.0.11\bin\server;C:\Users\Usuario\.gradle\native\e1d6ef7f7dcc3fd88c89a11ec53ec762bb8ba0a96d01ffa2cd45eb1d1d8dd5c5\windows-amd64;C:\Users\Usuario\.gradle\native\5664cfc778a61ccfe75a443a1ab52a65af34e5dc3c78e0209fed803814484fcb\windows-amd64

VM Arguments:
jvm_args: -XX:MaxMetaspaceSize=256m -XX:+HeapDumpOnOutOfMemoryError --add-opens=java.base/java.util=ALL-UNNAMED --add-opens=java.base/java.lang=ALL-UNNAMED --add-opens=java.base/java.lang.invoke=ALL-UNNAMED --add-opens=java.base/java.util=ALL-UNNAMED --add-opens=java.prefs/java.util.prefs=ALL-UNNAMED --add-opens=java.prefs/java.util.prefs=ALL-UNNAMED --add-opens=java.base/java.nio.charset=ALL-UNNAMED --add-opens=java.base/java.net=ALL-UNNAMED --add-opens=java.base/java.util.concurrent.atomic=ALL-UNNAMED -Xms256m -Xmx512m -Dfile.encoding=windows-1252 -Duser.country=BR -Duser.language=pt -Duser.variant 
java_command: org.gradle.launcher.daemon.bootstrap.GradleDaemon 7.2
java_class_path (initial): C:\Users\Usuario\.gradle\wrapper\dists\gradle-7.2-bin\2dnblmf4td7x66yl1d74lt32g\gradle-7.2\lib\gradle-launcher-7.2.jar
Launcher Type: SUN_STANDARD

[Global flags]
     intx CICompilerCount                          = 3                                         {product} {ergonomic}
   size_t CompressedClassSpaceSize                 = 260046848                                 {product} {ergonomic}
     uint ConcGCThreads                            = 1                                         {product} {ergonomic}
     uint G1ConcRefinementThreads                  = 4                                         {product} {ergonomic}
   size_t G1HeapRegionSize                         = 1048576                                   {product} {ergonomic}
    uintx GCDrainStackTargetSize                   = 64                                        {product} {ergonomic}
     bool HeapDumpOnOutOfMemoryError               = true                                   {manageable} {command line}
   size_t InitialHeapSize                          = 268435456                                 {product} {command line}
   size_t MarkStackSize                            = 4194304                                   {product} {ergonomic}
   size_t MaxHeapSize                              = 536870912                                 {product} {command line}
   size_t MaxMetaspaceSize                         = 268435456                                 {product} {command line}
   size_t MaxNewSize                               = 321912832                                 {product} {ergonomic}
   size_t MinHeapDeltaBytes                        = 1048576                                   {product} {ergonomic}
    uintx NonNMethodCodeHeapSize                   = 5830732                                {pd product} {ergonomic}
    uintx NonProfiledCodeHeapSize                  = 122913754                              {pd product} {ergonomic}
    uintx ProfiledCodeHeapSize                     = 122913754                              {pd product} {ergonomic}
    uintx ReservedCodeCacheSize                    = 251658240                              {pd product} {ergonomic}
     bool SegmentedCodeCache                       = true                                      {product} {ergonomic}
     bool UseCompressedClassPointers               = true                                 {lp64_product} {ergonomic}
     bool UseCompressedOops                        = true                                 {lp64_product} {ergonomic}
     bool UseG1GC                                  = true                                      {product} {ergonomic}
     bool UseLargePagesIndividualAllocation        = false                                  {pd product} {ergonomic}

Logging:
Log output configuration:
 #0: stdout all=warning uptime,level,tags
 #1: stderr all=off uptime,level,tags

Environment Variables:
JAVA_HOME=C:\Program Files\Java\jdk-11.0.11
CLASSPATH= ;C:\Program Files\Java\jdk-11.0.11\lib;C:\Program Files\Java\jdk-11.0.11\lib\tools.jar;C:\Program Files\Java\jdk-11.0.11\lib\dt.jar;C:\Program Files\Java\jdk-11.0.11\lib\htmlconverter.jar;C:\Program Files\Java\jdk-11.0.11\jre\lib;C:\Program Files\Java\jdk-11.0.11\jre\lib\rt.jar;
PATH=C:\Python39\Scripts\;C:\Python39\;C:\Program Files\Java\jdk-11.0.11\bin;C:\Program Files\Docker\Docker\resources\bin;C:\ProgramData\DockerDesktop\version-bin;C:\Program Files\Redis\;C:\Program Files\nodejs\;C:\ProgramData\chocolatey\bin;C:\Program Files\Microsoft SQL Server\Client SDK\ODBC\170\Tools\Binn\;C:\Program Files (x86)\Microsoft SQL Server\150\Tools\Binn\;C:\Program Files\Microsoft SQL Server\150\Tools\Binn\;C:\Program Files\Microsoft SQL Server\150\DTS\Binn\;C:\Program Files (x86)\Microsoft SQL Server\150\DTS\Binn\;C:\Program Files\Azure Data Studio\bin;C:\Program Files\MySQL\MySQL Shell 8.0\bin\;C:\Users\Usuario\AppData\Local\Microsoft\WindowsApps;C:\Program Files\PostgreSQL\13\bin;C:\Users\Usuario\Desktop\DIO Santander\JAVA\Maven\apache-maven-3.8.1\bin;C:\Users\Usuario\Desktop\DIO Santander\JAVA\Gradle\gradle-7.1\bin;C:\Program Files\7-Zip;C:\Users\Usuario\AppData\Roaming\npm;C:\Users\Usuario\AppData\Local\Programs\Microsoft VS Code\bin;C:\Users\Usuario\AppData\Local\GitHubDesktop\bin;C:\Program Files\Azure Data Studio\bin
USERNAME=Usuario
OS=Windows_NT
PROCESSOR_IDENTIFIER=Intel64 Family 6 Model 58 Stepping 9, GenuineIntel



---------------  S Y S T E M  ---------------

OS: Windows 10 , 64 bit Build 18362 (10.0.18362.1500)
Hyper-V role detected

CPU:total 4 (initial active 4) (2 cores per cpu, 2 threads per core) family 6 model 58 stepping 9 microcode 0x21, cmov, cx8, fxsr, mmx, sse, sse2, sse3, ssse3, sse4.1, sse4.2, popcnt, avx, clmul, erms, ht, tsc, tscinvbit, tscinv

Memory: 4k page, system-wide physical 7893M (580M free)
TotalPageFile size 11985M (AvailPageFile size 4M)
current process WorkingSet (physical memory assigned to process): 133M, peak: 544M
current process commit charge ("private bytes"): 572M, peak: 574M

vm_info: Java HotSpot(TM) 64-Bit Server VM (11.0.11+9-LTS-194) for windows-amd64 JRE (11.0.11+9-LTS-194), built on Mar 18 2021 18:46:53 by "mach5one" with MS VC++ 15.9 (VS2017)

END.
